[2022-07-03 15:11:33,123] root - INFO - ========== Initializing fit_ensemble_voting_classifier ==========


[2022-07-03 15:11:33,130] root - INFO - Model : LogisticRegression running...
[2022-07-03 15:11:33,133] root - INFO - Initializing builMultiLabelModels
[2022-07-03 15:11:38,386] root - INFO - 'Accuracy': 70.72, 'Loss': 29.28, 'Hamming_loss': 7.99
[2022-07-03 15:11:38,387] root - INFO - Done builMultiLabelModels 

[2022-07-03 15:11:38,389] root - INFO - Model file saved : D:\test\Basic_Python\Project POMO\data scraping\Artifact\2022-07-03-15-11-33\Models\MultiLabelModel_LogisticRegression.pkl
[2022-07-03 15:11:38,390] root - INFO - Model data : {'Accuracy': 70.72, 'Loss': 29.28, 'Hamming_loss': 7.99, 'Model_name': 'LogisticRegression', 'Filename': 'D:\\test\\Basic_Python\\Project POMO\\data scraping\\Artifact\\2022-07-03-15-11-33\\Models\\MultiLabelModel_LogisticRegression.pkl'}
[2022-07-03 15:11:38,433] root - INFO - Model : KNeighborsClassifier running...
[2022-07-03 15:11:38,438] root - INFO - Initializing builMultiLabelModels
[2022-07-03 15:11:39,751] root - INFO - 'Accuracy': 88.84, 'Loss': 11.16, 'Hamming_loss': 2.73
[2022-07-03 15:11:39,751] root - INFO - Done builMultiLabelModels 

[2022-07-03 15:11:40,106] root - INFO - Model file saved : D:\test\Basic_Python\Project POMO\data scraping\Artifact\2022-07-03-15-11-33\Models\MultiLabelModel_KNeighborsClassifier.pkl
[2022-07-03 15:11:40,106] root - INFO - Model data : {'Accuracy': 88.84, 'Loss': 11.16, 'Hamming_loss': 2.73, 'Model_name': 'KNeighborsClassifier', 'Filename': 'D:\\test\\Basic_Python\\Project POMO\\data scraping\\Artifact\\2022-07-03-15-11-33\\Models\\MultiLabelModel_KNeighborsClassifier.pkl'}
[2022-07-03 15:11:40,123] root - INFO - Model : GaussianNB running...
[2022-07-03 15:11:40,129] root - INFO - Initializing builMultiLabelModels
[2022-07-03 15:11:40,294] root - INFO - 'Accuracy': 62.41, 'Loss': 37.59, 'Hamming_loss': 14.13
[2022-07-03 15:11:40,294] root - INFO - Done builMultiLabelModels 

[2022-07-03 15:11:40,306] root - INFO - Model file saved : D:\test\Basic_Python\Project POMO\data scraping\Artifact\2022-07-03-15-11-33\Models\MultiLabelModel_GaussianNB.pkl
[2022-07-03 15:11:40,306] root - INFO - Model data : {'Accuracy': 62.41, 'Loss': 37.59, 'Hamming_loss': 14.13, 'Model_name': 'GaussianNB', 'Filename': 'D:\\test\\Basic_Python\\Project POMO\\data scraping\\Artifact\\2022-07-03-15-11-33\\Models\\MultiLabelModel_GaussianNB.pkl'}
[2022-07-03 15:11:40,322] root - INFO - Model : SVC running...
[2022-07-03 15:11:40,326] root - INFO - Initializing builMultiLabelModels
[2022-07-03 15:11:50,974] root - INFO - 'Accuracy': 97.46, 'Loss': 2.54, 'Hamming_loss': 0.53
[2022-07-03 15:11:50,974] root - INFO - Done builMultiLabelModels 

[2022-07-03 15:11:51,224] root - INFO - Model file saved : D:\test\Basic_Python\Project POMO\data scraping\Artifact\2022-07-03-15-11-33\Models\MultiLabelModel_SVC.pkl
[2022-07-03 15:11:51,224] root - INFO - Model data : {'Accuracy': 97.46, 'Loss': 2.54, 'Hamming_loss': 0.53, 'Model_name': 'SVC', 'Filename': 'D:\\test\\Basic_Python\\Project POMO\\data scraping\\Artifact\\2022-07-03-15-11-33\\Models\\MultiLabelModel_SVC.pkl'}
[2022-07-03 15:11:51,244] root - INFO - Model : DecisionTreeClassifier running...
[2022-07-03 15:11:51,250] root - INFO - Initializing builMultiLabelModels
[2022-07-03 15:11:51,392] root - INFO - 'Accuracy': 100.0, 'Loss': 0.0, 'Hamming_loss': 0.0
[2022-07-03 15:11:51,392] root - INFO - Done builMultiLabelModels 

[2022-07-03 15:11:51,395] root - INFO - Model file saved : D:\test\Basic_Python\Project POMO\data scraping\Artifact\2022-07-03-15-11-33\Models\MultiLabelModel_DecisionTreeClassifier.pkl
[2022-07-03 15:11:51,395] root - INFO - Model data : {'Accuracy': 100.0, 'Loss': 0.0, 'Hamming_loss': 0.0, 'Model_name': 'DecisionTreeClassifier', 'Filename': 'D:\\test\\Basic_Python\\Project POMO\\data scraping\\Artifact\\2022-07-03-15-11-33\\Models\\MultiLabelModel_DecisionTreeClassifier.pkl'}
[2022-07-03 15:11:51,404] root - INFO - Model : RandomForestClassifier running...
[2022-07-03 15:11:51,407] root - INFO - Initializing builMultiLabelModels
[2022-07-03 15:11:54,297] root - INFO - 'Accuracy': 100.0, 'Loss': 0.0, 'Hamming_loss': 0.0
[2022-07-03 15:11:54,297] root - INFO - Done builMultiLabelModels 

[2022-07-03 15:11:54,515] root - INFO - Model file saved : D:\test\Basic_Python\Project POMO\data scraping\Artifact\2022-07-03-15-11-33\Models\MultiLabelModel_RandomForestClassifier.pkl
[2022-07-03 15:11:54,516] root - INFO - Model data : {'Accuracy': 100.0, 'Loss': 0.0, 'Hamming_loss': 0.0, 'Model_name': 'RandomForestClassifier', 'Filename': 'D:\\test\\Basic_Python\\Project POMO\\data scraping\\Artifact\\2022-07-03-15-11-33\\Models\\MultiLabelModel_RandomForestClassifier.pkl'}
[2022-07-03 15:11:54,541] root - INFO - Model : GradientBoostingClassifier running...
[2022-07-03 15:11:54,546] root - INFO - Initializing builMultiLabelModels
[2022-07-03 15:11:56,275] root - INFO - 'Accuracy': 97.9, 'Loss': 2.1, 'Hamming_loss': 0.48
[2022-07-03 15:11:56,276] root - INFO - Done builMultiLabelModels 

[2022-07-03 15:11:56,330] root - INFO - Model file saved : D:\test\Basic_Python\Project POMO\data scraping\Artifact\2022-07-03-15-11-33\Models\MultiLabelModel_GradientBoostingClassifier.pkl
[2022-07-03 15:11:56,330] root - INFO - Model data : {'Accuracy': 97.9, 'Loss': 2.1, 'Hamming_loss': 0.48, 'Model_name': 'GradientBoostingClassifier', 'Filename': 'D:\\test\\Basic_Python\\Project POMO\\data scraping\\Artifact\\2022-07-03-15-11-33\\Models\\MultiLabelModel_GradientBoostingClassifier.pkl'}
[2022-07-03 15:11:56,336] root - INFO - Model : AdaBoostClassifier running...
[2022-07-03 15:11:56,337] root - INFO - Initializing builMultiLabelModels
[2022-07-03 15:11:57,667] root - INFO - 'Accuracy': 96.55, 'Loss': 3.45, 'Hamming_loss': 0.81
[2022-07-03 15:11:57,667] root - INFO - Done builMultiLabelModels 

[2022-07-03 15:11:57,679] root - INFO - Model file saved : D:\test\Basic_Python\Project POMO\data scraping\Artifact\2022-07-03-15-11-33\Models\MultiLabelModel_AdaBoostClassifier.pkl
[2022-07-03 15:11:57,679] root - INFO - Model data : {'Accuracy': 96.55, 'Loss': 3.45, 'Hamming_loss': 0.81, 'Model_name': 'AdaBoostClassifier', 'Filename': 'D:\\test\\Basic_Python\\Project POMO\\data scraping\\Artifact\\2022-07-03-15-11-33\\Models\\MultiLabelModel_AdaBoostClassifier.pkl'}
[2022-07-03 15:11:57,694] root - INFO - Result file saved : D:\test\Basic_Python\Project POMO\data scraping\Artifact\2022-07-03-15-11-33\Docs\MultiLabelModel_result.csv
[2022-07-03 15:11:58,709] root - INFO - ========== Done fit_ensemble_voting_classifier ==========


