[2022-07-03 16:56:43,621] root - INFO - ========== Initializing fit_ensemble_voting_classifier ==========


[2022-07-03 16:56:43,634] root - INFO - Model : LogisticRegression running...
[2022-07-03 16:56:43,642] root - INFO - Initializing builMultiLabelModels
[2022-07-03 16:56:47,435] root - INFO - 'Accuracy': 70.72, 'Loss': 29.28, 'Hamming_loss': 7.99
[2022-07-03 16:56:47,435] root - INFO - Done builMultiLabelModels
[2022-07-03 16:56:47,436] root - INFO - Model file saved : D:\test\Basic_Python\Project POMO\data scraping\Artifact\2022-07-03-16-56-43\Models\MultiLabelModel_LogisticRegression.pkl
[2022-07-03 16:56:47,437] root - INFO - Model data : {'Accuracy': 70.72, 'Loss': 29.28, 'Hamming_loss': 7.99, 'Model_name': 'LogisticRegression', 'Filename': 'D:\\test\\Basic_Python\\Project POMO\\data scraping\\Artifact\\2022-07-03-16-56-43\\Models\\MultiLabelModel_LogisticRegression.pkl'} 


[2022-07-03 16:56:47,844] root - INFO - Model : KNeighborsClassifier running...
[2022-07-03 16:56:47,847] root - INFO - Initializing builMultiLabelModels
[2022-07-03 16:56:48,708] root - INFO - 'Accuracy': 88.84, 'Loss': 11.16, 'Hamming_loss': 2.73
[2022-07-03 16:56:48,708] root - INFO - Done builMultiLabelModels
[2022-07-03 16:56:48,713] root - INFO - Model file saved : D:\test\Basic_Python\Project POMO\data scraping\Artifact\2022-07-03-16-56-43\Models\MultiLabelModel_KNeighborsClassifier.pkl
[2022-07-03 16:56:48,713] root - INFO - Model data : {'Accuracy': 88.84, 'Loss': 11.16, 'Hamming_loss': 2.73, 'Model_name': 'KNeighborsClassifier', 'Filename': 'D:\\test\\Basic_Python\\Project POMO\\data scraping\\Artifact\\2022-07-03-16-56-43\\Models\\MultiLabelModel_KNeighborsClassifier.pkl'} 


[2022-07-03 16:56:48,718] root - INFO - Model : GaussianNB running...
[2022-07-03 16:56:48,719] root - INFO - Initializing builMultiLabelModels
[2022-07-03 16:56:48,766] root - INFO - 'Accuracy': 62.41, 'Loss': 37.59, 'Hamming_loss': 14.13
[2022-07-03 16:56:48,766] root - INFO - Done builMultiLabelModels
[2022-07-03 16:56:48,768] root - INFO - Model file saved : D:\test\Basic_Python\Project POMO\data scraping\Artifact\2022-07-03-16-56-43\Models\MultiLabelModel_GaussianNB.pkl
[2022-07-03 16:56:48,768] root - INFO - Model data : {'Accuracy': 62.41, 'Loss': 37.59, 'Hamming_loss': 14.13, 'Model_name': 'GaussianNB', 'Filename': 'D:\\test\\Basic_Python\\Project POMO\\data scraping\\Artifact\\2022-07-03-16-56-43\\Models\\MultiLabelModel_GaussianNB.pkl'} 


[2022-07-03 16:56:48,773] root - INFO - Model : SVC running...
[2022-07-03 16:56:48,774] root - INFO - Initializing builMultiLabelModels
[2022-07-03 16:56:51,885] root - INFO - 'Accuracy': 97.46, 'Loss': 2.54, 'Hamming_loss': 0.53
[2022-07-03 16:56:51,885] root - INFO - Done builMultiLabelModels
[2022-07-03 16:56:51,887] root - INFO - Model file saved : D:\test\Basic_Python\Project POMO\data scraping\Artifact\2022-07-03-16-56-43\Models\MultiLabelModel_SVC.pkl
[2022-07-03 16:56:51,887] root - INFO - Model data : {'Accuracy': 97.46, 'Loss': 2.54, 'Hamming_loss': 0.53, 'Model_name': 'SVC', 'Filename': 'D:\\test\\Basic_Python\\Project POMO\\data scraping\\Artifact\\2022-07-03-16-56-43\\Models\\MultiLabelModel_SVC.pkl'} 


[2022-07-03 16:56:51,891] root - INFO - Model : DecisionTreeClassifier running...
[2022-07-03 16:56:51,893] root - INFO - Initializing builMultiLabelModels
[2022-07-03 16:56:51,967] root - INFO - 'Accuracy': 100.0, 'Loss': 0.0, 'Hamming_loss': 0.0
[2022-07-03 16:56:51,967] root - INFO - Done builMultiLabelModels
[2022-07-03 16:56:52,550] root - INFO - Model file saved : D:\test\Basic_Python\Project POMO\data scraping\Artifact\2022-07-03-16-56-43\Models\MultiLabelModel_DecisionTreeClassifier.pkl
[2022-07-03 16:56:52,551] root - INFO - Model data : {'Accuracy': 100.0, 'Loss': 0.0, 'Hamming_loss': 0.0, 'Model_name': 'DecisionTreeClassifier', 'Filename': 'D:\\test\\Basic_Python\\Project POMO\\data scraping\\Artifact\\2022-07-03-16-56-43\\Models\\MultiLabelModel_DecisionTreeClassifier.pkl'} 


[2022-07-03 16:56:52,569] root - INFO - Model : RandomForestClassifier running...
[2022-07-03 16:56:52,572] root - INFO - Initializing builMultiLabelModels
[2022-07-03 16:56:54,053] root - INFO - 'Accuracy': 100.0, 'Loss': 0.0, 'Hamming_loss': 0.0
[2022-07-03 16:56:54,053] root - INFO - Done builMultiLabelModels
[2022-07-03 16:56:54,091] root - INFO - Model file saved : D:\test\Basic_Python\Project POMO\data scraping\Artifact\2022-07-03-16-56-43\Models\MultiLabelModel_RandomForestClassifier.pkl
[2022-07-03 16:56:54,092] root - INFO - Model data : {'Accuracy': 100.0, 'Loss': 0.0, 'Hamming_loss': 0.0, 'Model_name': 'RandomForestClassifier', 'Filename': 'D:\\test\\Basic_Python\\Project POMO\\data scraping\\Artifact\\2022-07-03-16-56-43\\Models\\MultiLabelModel_RandomForestClassifier.pkl'} 


[2022-07-03 16:56:54,097] root - INFO - Model : GradientBoostingClassifier running...
[2022-07-03 16:56:54,099] root - INFO - Initializing builMultiLabelModels
[2022-07-03 16:56:54,958] root - INFO - 'Accuracy': 97.9, 'Loss': 2.1, 'Hamming_loss': 0.48
[2022-07-03 16:56:54,959] root - INFO - Done builMultiLabelModels
[2022-07-03 16:56:54,973] root - INFO - Model file saved : D:\test\Basic_Python\Project POMO\data scraping\Artifact\2022-07-03-16-56-43\Models\MultiLabelModel_GradientBoostingClassifier.pkl
[2022-07-03 16:56:54,974] root - INFO - Model data : {'Accuracy': 97.9, 'Loss': 2.1, 'Hamming_loss': 0.48, 'Model_name': 'GradientBoostingClassifier', 'Filename': 'D:\\test\\Basic_Python\\Project POMO\\data scraping\\Artifact\\2022-07-03-16-56-43\\Models\\MultiLabelModel_GradientBoostingClassifier.pkl'} 


[2022-07-03 16:56:54,978] root - INFO - Model : AdaBoostClassifier running...
[2022-07-03 16:56:54,980] root - INFO - Initializing builMultiLabelModels
[2022-07-03 16:56:55,567] root - INFO - 'Accuracy': 96.55, 'Loss': 3.45, 'Hamming_loss': 0.81
[2022-07-03 16:56:55,567] root - INFO - Done builMultiLabelModels
[2022-07-03 16:56:55,575] root - INFO - Model file saved : D:\test\Basic_Python\Project POMO\data scraping\Artifact\2022-07-03-16-56-43\Models\MultiLabelModel_AdaBoostClassifier.pkl
[2022-07-03 16:56:55,576] root - INFO - Model data : {'Accuracy': 96.55, 'Loss': 3.45, 'Hamming_loss': 0.81, 'Model_name': 'AdaBoostClassifier', 'Filename': 'D:\\test\\Basic_Python\\Project POMO\\data scraping\\Artifact\\2022-07-03-16-56-43\\Models\\MultiLabelModel_AdaBoostClassifier.pkl'} 


[2022-07-03 16:56:55,584] root - INFO - Result file saved : D:\test\Basic_Python\Project POMO\data scraping\Artifact\2022-07-03-16-56-43\Docs\MultiLabelModel_result.csv
[2022-07-03 16:56:56,178] root - INFO - ========== Done fit_ensemble_voting_classifier ==========


