[2022-07-04 23:02:07,734] root - INFO - ========== Initializing fit_ensemble_voting_classifier ==========


[2022-07-04 23:02:07,739] root - INFO - Model : LogisticRegression running...
[2022-07-04 23:02:07,742] root - INFO - Initializing builMultiLabelModels
[2022-07-04 23:02:11,080] root - INFO - Classification on Training dataset : [ 'Accuracy': 70.39, 'Loss': 29.61, 'Hamming_loss': 7.93 ]
[2022-07-04 23:02:11,519] root - INFO - Classification on Testing dataset : [ 'Accuracy': 73.05, 'Loss': 26.95, 'Hamming_loss': 7.49 ]
[2022-07-04 23:02:11,519] root - INFO - Done builMultiLabelModels
[2022-07-04 23:02:12,068] root - INFO - Model file saved : D:\test\Basic_Python\Project POMO\data scraping\Artifact\2022-07-04-23-02-07\Models\MultiLabelModel_LogisticRegression.pkl
[2022-07-04 23:02:12,093] root - INFO - Model data : {'Accuracy': 70.39, 'Loss': 29.61, 'Hamming_loss': 7.93, 'Model_name': 'LogisticRegression', 'Filename': 'D:\\test\\Basic_Python\\Project POMO\\data scraping\\Artifact\\2022-07-04-23-02-07\\Models\\MultiLabelModel_LogisticRegression.pkl'} 


[2022-07-04 23:02:12,187] root - INFO - Model : KNeighborsClassifier running...
[2022-07-04 23:02:12,192] root - INFO - Initializing builMultiLabelModels
[2022-07-04 23:02:13,315] root - INFO - Classification on Training dataset : [ 'Accuracy': 88.1, 'Loss': 11.9, 'Hamming_loss': 2.99 ]
[2022-07-04 23:02:14,027] root - INFO - Classification on Testing dataset : [ 'Accuracy': 87.47, 'Loss': 12.53, 'Hamming_loss': 3.12 ]
[2022-07-04 23:02:14,027] root - INFO - Done builMultiLabelModels
[2022-07-04 23:02:15,088] root - INFO - Model file saved : D:\test\Basic_Python\Project POMO\data scraping\Artifact\2022-07-04-23-02-07\Models\MultiLabelModel_KNeighborsClassifier.pkl
[2022-07-04 23:02:15,090] root - INFO - Model data : {'Accuracy': 88.1, 'Loss': 11.9, 'Hamming_loss': 2.99, 'Model_name': 'KNeighborsClassifier', 'Filename': 'D:\\test\\Basic_Python\\Project POMO\\data scraping\\Artifact\\2022-07-04-23-02-07\\Models\\MultiLabelModel_KNeighborsClassifier.pkl'} 


[2022-07-04 23:02:15,114] root - INFO - Model : GaussianNB running...
[2022-07-04 23:02:15,119] root - INFO - Initializing builMultiLabelModels
[2022-07-04 23:02:15,244] root - INFO - Classification on Training dataset : [ 'Accuracy': 62.51, 'Loss': 37.49, 'Hamming_loss': 14.35 ]
[2022-07-04 23:02:15,320] root - INFO - Classification on Testing dataset : [ 'Accuracy': 62.96, 'Loss': 37.04, 'Hamming_loss': 13.57 ]
[2022-07-04 23:02:15,320] root - INFO - Done builMultiLabelModels
[2022-07-04 23:02:15,323] root - INFO - Model file saved : D:\test\Basic_Python\Project POMO\data scraping\Artifact\2022-07-04-23-02-07\Models\MultiLabelModel_GaussianNB.pkl
[2022-07-04 23:02:15,323] root - INFO - Model data : {'Accuracy': 62.51, 'Loss': 37.49, 'Hamming_loss': 14.35, 'Model_name': 'GaussianNB', 'Filename': 'D:\\test\\Basic_Python\\Project POMO\\data scraping\\Artifact\\2022-07-04-23-02-07\\Models\\MultiLabelModel_GaussianNB.pkl'} 


[2022-07-04 23:02:15,332] root - INFO - Model : SVC running...
[2022-07-04 23:02:15,335] root - INFO - Initializing builMultiLabelModels
[2022-07-04 23:02:23,053] root - INFO - Classification on Training dataset : [ 'Accuracy': 97.33, 'Loss': 2.67, 'Hamming_loss': 0.55 ]
[2022-07-04 23:02:24,823] root - INFO - Classification on Testing dataset : [ 'Accuracy': 98.11, 'Loss': 1.89, 'Hamming_loss': 0.41 ]
[2022-07-04 23:02:24,823] root - INFO - Done builMultiLabelModels
[2022-07-04 23:02:24,827] root - INFO - Model file saved : D:\test\Basic_Python\Project POMO\data scraping\Artifact\2022-07-04-23-02-07\Models\MultiLabelModel_SVC.pkl
[2022-07-04 23:02:24,827] root - INFO - Model data : {'Accuracy': 97.33, 'Loss': 2.67, 'Hamming_loss': 0.55, 'Model_name': 'SVC', 'Filename': 'D:\\test\\Basic_Python\\Project POMO\\data scraping\\Artifact\\2022-07-04-23-02-07\\Models\\MultiLabelModel_SVC.pkl'} 


[2022-07-04 23:02:24,836] root - INFO - Model : DecisionTreeClassifier running...
[2022-07-04 23:02:24,840] root - INFO - Initializing builMultiLabelModels
[2022-07-04 23:02:26,396] root - INFO - Classification on Training dataset : [ 'Accuracy': 100.0, 'Loss': 0.0, 'Hamming_loss': 0.0 ]
[2022-07-04 23:02:26,490] root - INFO - Classification on Testing dataset : [ 'Accuracy': 100.0, 'Loss': 0.0, 'Hamming_loss': 0.0 ]
[2022-07-04 23:02:26,491] root - INFO - Done builMultiLabelModels
[2022-07-04 23:02:26,493] root - INFO - Model file saved : D:\test\Basic_Python\Project POMO\data scraping\Artifact\2022-07-04-23-02-07\Models\MultiLabelModel_DecisionTreeClassifier.pkl
[2022-07-04 23:02:26,494] root - INFO - Model data : {'Accuracy': 100.0, 'Loss': 0.0, 'Hamming_loss': 0.0, 'Model_name': 'DecisionTreeClassifier', 'Filename': 'D:\\test\\Basic_Python\\Project POMO\\data scraping\\Artifact\\2022-07-04-23-02-07\\Models\\MultiLabelModel_DecisionTreeClassifier.pkl'} 


[2022-07-04 23:02:26,504] root - INFO - Model : RandomForestClassifier running...
[2022-07-04 23:02:26,507] root - INFO - Initializing builMultiLabelModels
[2022-07-04 23:02:29,359] root - INFO - Classification on Training dataset : [ 'Accuracy': 100.0, 'Loss': 0.0, 'Hamming_loss': 0.0 ]
[2022-07-04 23:02:32,520] root - INFO - Classification on Testing dataset : [ 'Accuracy': 99.92, 'Loss': 0.08, 'Hamming_loss': 0.02 ]
[2022-07-04 23:02:32,521] root - INFO - Done builMultiLabelModels
[2022-07-04 23:02:32,573] root - INFO - Model file saved : D:\test\Basic_Python\Project POMO\data scraping\Artifact\2022-07-04-23-02-07\Models\MultiLabelModel_RandomForestClassifier.pkl
[2022-07-04 23:02:32,574] root - INFO - Model data : {'Accuracy': 100.0, 'Loss': 0.0, 'Hamming_loss': 0.0, 'Model_name': 'RandomForestClassifier', 'Filename': 'D:\\test\\Basic_Python\\Project POMO\\data scraping\\Artifact\\2022-07-04-23-02-07\\Models\\MultiLabelModel_RandomForestClassifier.pkl'} 


[2022-07-04 23:02:32,585] root - INFO - Model : GradientBoostingClassifier running...
[2022-07-04 23:02:32,588] root - INFO - Initializing builMultiLabelModels
[2022-07-04 23:02:34,659] root - INFO - Classification on Training dataset : [ 'Accuracy': 98.04, 'Loss': 1.96, 'Hamming_loss': 0.44 ]
[2022-07-04 23:02:35,772] root - INFO - Classification on Testing dataset : [ 'Accuracy': 99.13, 'Loss': 0.87, 'Hamming_loss': 0.17 ]
[2022-07-04 23:02:35,772] root - INFO - Done builMultiLabelModels
[2022-07-04 23:02:37,080] root - INFO - Model file saved : D:\test\Basic_Python\Project POMO\data scraping\Artifact\2022-07-04-23-02-07\Models\MultiLabelModel_GradientBoostingClassifier.pkl
[2022-07-04 23:02:37,082] root - INFO - Model data : {'Accuracy': 98.04, 'Loss': 1.96, 'Hamming_loss': 0.44, 'Model_name': 'GradientBoostingClassifier', 'Filename': 'D:\\test\\Basic_Python\\Project POMO\\data scraping\\Artifact\\2022-07-04-23-02-07\\Models\\MultiLabelModel_GradientBoostingClassifier.pkl'} 


[2022-07-04 23:02:37,102] root - INFO - Model : AdaBoostClassifier running...
[2022-07-04 23:02:37,108] root - INFO - Initializing builMultiLabelModels
[2022-07-04 23:02:38,668] root - INFO - Classification on Training dataset : [ 'Accuracy': 97.03, 'Loss': 2.97, 'Hamming_loss': 0.68 ]
[2022-07-04 23:02:39,775] root - INFO - Classification on Testing dataset : [ 'Accuracy': 97.64, 'Loss': 2.36, 'Hamming_loss': 0.47 ]
[2022-07-04 23:02:39,775] root - INFO - Done builMultiLabelModels
[2022-07-04 23:02:39,792] root - INFO - Model file saved : D:\test\Basic_Python\Project POMO\data scraping\Artifact\2022-07-04-23-02-07\Models\MultiLabelModel_AdaBoostClassifier.pkl
[2022-07-04 23:02:39,793] root - INFO - Model data : {'Accuracy': 97.03, 'Loss': 2.97, 'Hamming_loss': 0.68, 'Model_name': 'AdaBoostClassifier', 'Filename': 'D:\\test\\Basic_Python\\Project POMO\\data scraping\\Artifact\\2022-07-04-23-02-07\\Models\\MultiLabelModel_AdaBoostClassifier.pkl'} 


[2022-07-04 23:02:40,479] root - INFO - Result file saved : D:\test\Basic_Python\Project POMO\data scraping\Artifact\2022-07-04-23-02-07\Docs\MultiLabelModel_result.csv
[2022-07-04 23:02:42,659] root - INFO - ========== Done fit_ensemble_voting_classifier ==========


