2022-05-27 10:53:04,287:INFO:PyCaret Supervised Module
2022-05-27 10:53:04,302:INFO:ML Usecase: classification
2022-05-27 10:53:04,306:INFO:version 2.3.10
2022-05-27 10:53:04,313:INFO:Initializing setup()
2022-05-27 10:53:04,314:INFO:setup(target=Label (Disease Yes/No), ml_usecase=classification, available_plots={'parameter': 'Hyperparameters', 'auc': 'AUC', 'confusion_matrix': 'Confusion Matrix', 'threshold': 'Threshold', 'pr': 'Precision Recall', 'error': 'Prediction Error', 'class_report': 'Class Report', 'rfe': 'Feature Selection', 'learning': 'Learning Curve', 'manifold': 'Manifold Learning', 'calibration': 'Calibration Curve', 'vc': 'Validation Curve', 'dimension': 'Dimensions', 'feature': 'Feature Importance', 'feature_all': 'Feature Importance (All)', 'boundary': 'Decision Boundary', 'lift': 'Lift Chart', 'gain': 'Gain Chart', 'tree': 'Decision Tree', 'ks': 'KS Statistic Plot'}, train_size=0.7, test_data=None, preprocess=True, imputation_type=simple, iterative_imputation_iters=5, categorical_features=None, categorical_imputation=constant, categorical_iterative_imputer=lightgbm, ordinal_features=None, high_cardinality_features=None, high_cardinality_method=frequency, numeric_features=None, numeric_imputation=mean, numeric_iterative_imputer=lightgbm, date_features=None, ignore_features=None, normalize=False, normalize_method=zscore, transformation=False, transformation_method=yeo-johnson, handle_unknown_categorical=True, unknown_categorical_method=least_frequent, pca=False, pca_method=linear, pca_components=None, ignore_low_variance=False, combine_rare_levels=False, rare_level_threshold=0.1, bin_numeric_features=None, remove_outliers=False, outliers_threshold=0.05, remove_multicollinearity=False, multicollinearity_threshold=0.9, remove_perfect_collinearity=True, create_clusters=False, cluster_iter=20, polynomial_features=False, polynomial_degree=2, trigonometry_features=False, polynomial_threshold=0.1, group_features=None, group_names=None, feature_selection=False, feature_selection_threshold=0.8, feature_selection_method=classic, feature_interaction=False, feature_ratio=False, interaction_threshold=0.01, fix_imbalance=False, fix_imbalance_method=None, transform_target=False, transform_target_method=box-cox, data_split_shuffle=True, data_split_stratify=False, fold_strategy=stratifiedkfold, fold=10, fold_shuffle=False, fold_groups=None, n_jobs=-1, use_gpu=False, custom_pipeline=None, html=True, session_id=None, log_experiment=False, experiment_name=None, experiment_custom_tags=None, log_plots=False, log_profile=False, log_data=False, silent=False, verbose=True, profile=False, profile_kwargs=None, display=None)
2022-05-27 10:53:04,315:INFO:Checking environment
2022-05-27 10:53:04,317:INFO:python_version: 3.8.10
2022-05-27 10:53:04,318:INFO:python_build: ('tags/v3.8.10:3d8993a', 'May  3 2021 11:48:03')
2022-05-27 10:53:04,319:INFO:machine: AMD64
2022-05-27 10:53:04,559:INFO:platform: Windows-10-10.0.19044-SP0
2022-05-27 10:53:04,563:INFO:Memory: svmem(total=8503504896, available=1749573632, percent=79.4, used=6753931264, free=1749573632)
2022-05-27 10:53:04,563:INFO:Physical Core: 2
2022-05-27 10:53:04,563:INFO:Logical Core: 4
2022-05-27 10:53:04,563:INFO:Checking libraries
2022-05-27 10:53:04,563:INFO:pd==1.4.2
2022-05-27 10:53:04,563:INFO:numpy==1.19.5
2022-05-27 10:53:04,563:INFO:sklearn==0.23.2
2022-05-27 10:53:04,567:INFO:lightgbm==3.3.2
2022-05-27 10:53:04,571:WARNING:catboost not found
2022-05-27 10:53:04,579:WARNING:xgboost not found
2022-05-27 10:53:04,579:INFO:mlflow==1.26.0
2022-05-27 10:53:04,579:INFO:Checking Exceptions
2022-05-27 10:53:04,583:INFO:Declaring global variables
2022-05-27 10:53:04,583:INFO:USI: 1124
2022-05-27 10:53:04,583:INFO:pycaret_globals: {'prep_pipe', 'gpu_param', 'imputation_regressor', 'fold_generator', 'fix_imbalance_method_param', '_internal_pipeline', 'X_test', '_available_plots', 'fold_param', 'X_train', 'fix_imbalance_param', 'fold_groups_param_full', 'create_model_container', 'log_plots_param', 'fold_groups_param', 'html_param', '_all_models_internal', 'seed', 'stratify_param', 'USI', '_all_models', 'y', 'transform_target_method_param', 'experiment__', 'pycaret_globals', 'master_model_container', 'exp_name_log', '_ml_usecase', 'y_test', 'target_param', 'iterative_imputation_iters_param', '_all_metrics', 'imputation_classifier', 'X', 'data_before_preprocess', 'fold_shuffle_param', 'n_jobs_param', '_gpu_n_jobs_param', 'display_container', 'y_train', 'logging_param', 'dashboard_logger', 'transform_target_param'}
2022-05-27 10:53:04,583:INFO:Preparing display monitor
2022-05-27 10:53:04,583:INFO:Preparing display monitor
2022-05-27 10:53:04,656:INFO:Importing libraries
2022-05-27 10:53:04,656:INFO:Copying data for preprocessing
2022-05-27 10:53:04,680:INFO:Declaring preprocessing parameters
2022-05-27 10:53:04,688:INFO:Creating preprocessing pipeline
2022-05-27 10:53:04,753:INFO:Preprocessing pipeline created successfully
2022-05-27 10:53:04,753:ERROR:(Process Exit): setup has been interupted with user command 'quit'. setup must rerun.
2022-05-27 10:53:04,753:INFO:Creating global containers
2022-05-27 10:53:04,797:INFO:Internal pipeline: Pipeline(memory=None, steps=[('empty_step', 'passthrough')], verbose=False)
2022-05-27 10:56:07,433:WARNING:Couldn't import xgboost.XGBClassifier
2022-05-27 10:56:07,441:WARNING:Couldn't import catboost.CatBoostClassifier
2022-05-27 10:56:07,870:WARNING:Couldn't import xgboost.XGBClassifier
2022-05-27 10:56:07,878:WARNING:Couldn't import catboost.CatBoostClassifier
2022-05-27 10:56:07,878:INFO:Creating grid variables
2022-05-27 10:56:07,892:INFO:create_model_container: 0
2022-05-27 10:56:07,892:INFO:master_model_container: 0
2022-05-27 10:56:07,893:INFO:display_container: 1
2022-05-27 10:56:07,933:INFO:Pipeline(memory=None,
         steps=[('dtypes',
                 DataTypes_Auto_infer(categorical_features=[],
                                      display_types=True, features_todrop=[],
                                      id_columns=[],
                                      ml_usecase='classification',
                                      numerical_features=[],
                                      target='Label (Disease Yes/No)',
                                      time_features=[])),
                ('imputer',
                 Simple_Imputer(categorical_strategy='not_available',
                                fill_value_categorical=None,
                                fill_value_numerical=None...
                ('scaling', 'passthrough'), ('P_transform', 'passthrough'),
                ('binn', 'passthrough'), ('rem_outliers', 'passthrough'),
                ('cluster_all', 'passthrough'),
                ('dummy', Dummify(target='Label (Disease Yes/No)')),
                ('fix_perfect', Remove_100(target='Label (Disease Yes/No)')),
                ('clean_names', Clean_Colum_Names()),
                ('feature_select', 'passthrough'), ('fix_multi', 'passthrough'),
                ('dfs', 'passthrough'), ('pca', 'passthrough')],
         verbose=False)
2022-05-27 10:56:07,934:INFO:setup() succesfully completed......................................
2022-05-27 11:04:55,328:INFO:PyCaret Supervised Module
2022-05-27 11:04:55,328:INFO:ML Usecase: classification
2022-05-27 11:04:55,332:INFO:version 2.3.10
2022-05-27 11:04:55,332:INFO:Initializing setup()
2022-05-27 11:04:55,332:INFO:setup(target=Label (Disease Yes/No), ml_usecase=classification, available_plots={'parameter': 'Hyperparameters', 'auc': 'AUC', 'confusion_matrix': 'Confusion Matrix', 'threshold': 'Threshold', 'pr': 'Precision Recall', 'error': 'Prediction Error', 'class_report': 'Class Report', 'rfe': 'Feature Selection', 'learning': 'Learning Curve', 'manifold': 'Manifold Learning', 'calibration': 'Calibration Curve', 'vc': 'Validation Curve', 'dimension': 'Dimensions', 'feature': 'Feature Importance', 'feature_all': 'Feature Importance (All)', 'boundary': 'Decision Boundary', 'lift': 'Lift Chart', 'gain': 'Gain Chart', 'tree': 'Decision Tree', 'ks': 'KS Statistic Plot'}, train_size=0.7, test_data=None, preprocess=True, imputation_type=simple, iterative_imputation_iters=5, categorical_features=None, categorical_imputation=constant, categorical_iterative_imputer=lightgbm, ordinal_features=None, high_cardinality_features=None, high_cardinality_method=frequency, numeric_features=None, numeric_imputation=mean, numeric_iterative_imputer=lightgbm, date_features=None, ignore_features=None, normalize=False, normalize_method=zscore, transformation=False, transformation_method=yeo-johnson, handle_unknown_categorical=True, unknown_categorical_method=least_frequent, pca=False, pca_method=linear, pca_components=None, ignore_low_variance=False, combine_rare_levels=False, rare_level_threshold=0.1, bin_numeric_features=None, remove_outliers=False, outliers_threshold=0.05, remove_multicollinearity=False, multicollinearity_threshold=0.9, remove_perfect_collinearity=True, create_clusters=False, cluster_iter=20, polynomial_features=False, polynomial_degree=2, trigonometry_features=False, polynomial_threshold=0.1, group_features=None, group_names=None, feature_selection=False, feature_selection_threshold=0.8, feature_selection_method=classic, feature_interaction=False, feature_ratio=False, interaction_threshold=0.01, fix_imbalance=False, fix_imbalance_method=None, transform_target=False, transform_target_method=box-cox, data_split_shuffle=True, data_split_stratify=False, fold_strategy=stratifiedkfold, fold=10, fold_shuffle=False, fold_groups=None, n_jobs=-1, use_gpu=False, custom_pipeline=None, html=True, session_id=None, log_experiment=False, experiment_name=None, experiment_custom_tags=None, log_plots=False, log_profile=False, log_data=False, silent=False, verbose=True, profile=False, profile_kwargs=None, display=None)
2022-05-27 11:04:55,332:INFO:Checking environment
2022-05-27 11:04:55,332:INFO:python_version: 3.8.10
2022-05-27 11:04:55,332:INFO:python_build: ('tags/v3.8.10:3d8993a', 'May  3 2021 11:48:03')
2022-05-27 11:04:55,332:INFO:machine: AMD64
2022-05-27 11:04:55,332:INFO:platform: Windows-10-10.0.19044-SP0
2022-05-27 11:04:55,332:INFO:Memory: svmem(total=8503504896, available=1382469632, percent=83.7, used=7121035264, free=1382469632)
2022-05-27 11:04:55,332:INFO:Physical Core: 2
2022-05-27 11:04:55,332:INFO:Logical Core: 4
2022-05-27 11:04:55,332:INFO:Checking libraries
2022-05-27 11:04:55,336:INFO:pd==1.4.2
2022-05-27 11:04:55,336:INFO:numpy==1.19.5
2022-05-27 11:04:55,336:INFO:sklearn==0.23.2
2022-05-27 11:04:55,336:INFO:lightgbm==3.3.2
2022-05-27 11:04:55,340:WARNING:catboost not found
2022-05-27 11:04:55,344:WARNING:xgboost not found
2022-05-27 11:04:55,344:INFO:mlflow==1.26.0
2022-05-27 11:04:55,344:INFO:Checking Exceptions
2022-05-27 11:04:55,348:INFO:Declaring global variables
2022-05-27 11:04:55,348:INFO:USI: 849a
2022-05-27 11:04:55,348:INFO:pycaret_globals: {'prep_pipe', 'USI', 'fold_shuffle_param', 'y_train', 'create_model_container', 'transform_target_param', 'master_model_container', 'gpu_param', '_all_models', 'stratify_param', 'fold_groups_param_full', 'logging_param', 'transform_target_method_param', 'fix_imbalance_method_param', '_available_plots', 'fix_imbalance_param', '_ml_usecase', 'fold_param', 'dashboard_logger', 'seed', 'X', 'fold_groups_param', 'imputation_classifier', 'imputation_regressor', 'pycaret_globals', 'log_plots_param', 'X_test', 'exp_name_log', 'display_container', 'fold_generator', 'y_test', 'n_jobs_param', '_all_models_internal', 'iterative_imputation_iters_param', 'experiment__', '_gpu_n_jobs_param', 'data_before_preprocess', 'target_param', 'X_train', 'y', 'html_param', '_internal_pipeline', '_all_metrics'}
2022-05-27 11:04:55,348:INFO:Preparing display monitor
2022-05-27 11:04:55,348:INFO:Preparing display monitor
2022-05-27 11:04:55,400:INFO:Importing libraries
2022-05-27 11:04:55,404:INFO:Copying data for preprocessing
2022-05-27 11:04:55,439:INFO:Declaring preprocessing parameters
2022-05-27 11:04:55,447:INFO:Creating preprocessing pipeline
2022-05-27 11:04:55,481:INFO:Preprocessing pipeline created successfully
2022-05-27 11:04:55,482:ERROR:(Process Exit): setup has been interupted with user command 'quit'. setup must rerun.
2022-05-27 11:04:55,483:INFO:Creating global containers
2022-05-27 11:04:55,490:INFO:Internal pipeline: Pipeline(memory=None, steps=[('empty_step', 'passthrough')], verbose=False)
2022-05-27 11:05:40,392:WARNING:Couldn't import xgboost.XGBClassifier
2022-05-27 11:05:40,400:WARNING:Couldn't import catboost.CatBoostClassifier
2022-05-27 11:05:40,800:WARNING:Couldn't import xgboost.XGBClassifier
2022-05-27 11:05:40,808:WARNING:Couldn't import catboost.CatBoostClassifier
2022-05-27 11:05:40,808:INFO:Creating grid variables
2022-05-27 11:05:40,878:INFO:create_model_container: 0
2022-05-27 11:05:40,879:INFO:master_model_container: 0
2022-05-27 11:05:40,880:INFO:display_container: 1
2022-05-27 11:05:40,918:INFO:Pipeline(memory=None,
         steps=[('dtypes',
                 DataTypes_Auto_infer(categorical_features=[],
                                      display_types=True, features_todrop=[],
                                      id_columns=[],
                                      ml_usecase='classification',
                                      numerical_features=[],
                                      target='Label (Disease Yes/No)',
                                      time_features=[])),
                ('imputer',
                 Simple_Imputer(categorical_strategy='not_available',
                                fill_value_categorical=None,
                                fill_value_numerical=None...
                ('scaling', 'passthrough'), ('P_transform', 'passthrough'),
                ('binn', 'passthrough'), ('rem_outliers', 'passthrough'),
                ('cluster_all', 'passthrough'),
                ('dummy', Dummify(target='Label (Disease Yes/No)')),
                ('fix_perfect', Remove_100(target='Label (Disease Yes/No)')),
                ('clean_names', Clean_Colum_Names()),
                ('feature_select', 'passthrough'), ('fix_multi', 'passthrough'),
                ('dfs', 'passthrough'), ('pca', 'passthrough')],
         verbose=False)
2022-05-27 11:05:40,918:INFO:setup() succesfully completed......................................
2022-05-27 11:05:41,190:INFO:Initializing compare_models()
2022-05-27 11:05:41,194:INFO:compare_models(include=None, fold=None, round=4, cross_validation=True, sort=Accuracy, n_select=1, budget_time=None, turbo=True, errors=ignore, fit_kwargs=None, groups=None, experiment_custom_tags=None, probability_threshold=None, verbose=True, display=None, exclude=None)
2022-05-27 11:05:41,194:INFO:Checking exceptions
2022-05-27 11:05:41,212:INFO:Preparing display monitor
2022-05-27 11:05:41,213:INFO:Preparing display monitor
2022-05-27 11:05:41,458:INFO:Initializing Logistic Regression
2022-05-27 11:05:41,459:INFO:Total runtime is 1.6629695892333984e-05 minutes
2022-05-27 11:05:41,526:INFO:SubProcess create_model() called ==================================
2022-05-27 11:05:41,528:INFO:Initializing create_model()
2022-05-27 11:05:41,529:INFO:create_model(estimator=lr, fold=StratifiedKFold(n_splits=10, random_state=None, shuffle=False), round=4, cross_validation=True, predict=True, fit_kwargs={}, groups=None, refit=False, verbose=False, system=False, metrics=None, experiment_custom_tags=None, add_to_model_list=True, probability_threshold=None, display=<pycaret.internal.Display.Display object at 0x00000259E9CEC340>, return_train_score=False, kwargs={})
2022-05-27 11:05:41,530:INFO:Checking exceptions
2022-05-27 11:05:41,530:INFO:Importing libraries
2022-05-27 11:05:41,531:INFO:Copying training dataset
2022-05-27 11:05:41,537:INFO:Defining folds
2022-05-27 11:05:41,538:INFO:Declaring metric variables
2022-05-27 11:05:41,583:INFO:Importing untrained model
2022-05-27 11:05:41,636:INFO:Logistic Regression Imported succesfully
2022-05-27 11:05:41,729:INFO:Starting cross validation
2022-05-27 11:05:41,733:INFO:Cross validating with StratifiedKFold(n_splits=10, random_state=None, shuffle=False), n_jobs=-1
2022-05-27 11:06:27,599:INFO:Calculating mean and std
2022-05-27 11:06:27,606:INFO:Creating metrics dataframe
2022-05-27 11:06:27,840:INFO:Uploading results into container
2022-05-27 11:06:27,844:INFO:Uploading model into container now
2022-05-27 11:06:27,845:INFO:create_model_container: 1
2022-05-27 11:06:27,846:INFO:master_model_container: 1
2022-05-27 11:06:27,847:INFO:display_container: 2
2022-05-27 11:06:27,850:INFO:LogisticRegression(C=1.0, class_weight=None, dual=False, fit_intercept=True,
                   intercept_scaling=1, l1_ratio=None, max_iter=1000,
                   multi_class='auto', n_jobs=None, penalty='l2',
                   random_state=4971, solver='lbfgs', tol=0.0001, verbose=0,
                   warm_start=False)
2022-05-27 11:06:27,850:INFO:create_model() succesfully completed......................................
2022-05-27 11:06:28,160:INFO:SubProcess create_model() end ==================================
2022-05-27 11:06:28,161:INFO:Creating metrics dataframe
2022-05-27 11:06:28,433:INFO:Initializing K Neighbors Classifier
2022-05-27 11:06:28,434:INFO:Total runtime is 0.7829412976900737 minutes
2022-05-27 11:06:28,490:INFO:SubProcess create_model() called ==================================
2022-05-27 11:06:28,491:INFO:Initializing create_model()
2022-05-27 11:06:28,492:INFO:create_model(estimator=knn, fold=StratifiedKFold(n_splits=10, random_state=None, shuffle=False), round=4, cross_validation=True, predict=True, fit_kwargs={}, groups=None, refit=False, verbose=False, system=False, metrics=None, experiment_custom_tags=None, add_to_model_list=True, probability_threshold=None, display=<pycaret.internal.Display.Display object at 0x00000259E9CEC340>, return_train_score=False, kwargs={})
2022-05-27 11:06:28,493:INFO:Checking exceptions
2022-05-27 11:06:28,494:INFO:Importing libraries
2022-05-27 11:06:28,495:INFO:Copying training dataset
2022-05-27 11:06:28,500:INFO:Defining folds
2022-05-27 11:06:28,501:INFO:Declaring metric variables
2022-05-27 11:06:28,561:INFO:Importing untrained model
2022-05-27 11:06:28,622:INFO:K Neighbors Classifier Imported succesfully
2022-05-27 11:06:28,758:INFO:Starting cross validation
2022-05-27 11:06:28,761:INFO:Cross validating with StratifiedKFold(n_splits=10, random_state=None, shuffle=False), n_jobs=-1
2022-05-27 11:06:31,752:INFO:Calculating mean and std
2022-05-27 11:06:31,759:INFO:Creating metrics dataframe
2022-05-27 11:06:31,914:INFO:Uploading results into container
2022-05-27 11:06:31,916:INFO:Uploading model into container now
2022-05-27 11:06:31,917:INFO:create_model_container: 2
2022-05-27 11:06:31,917:INFO:master_model_container: 2
2022-05-27 11:06:31,918:INFO:display_container: 2
2022-05-27 11:06:31,920:INFO:KNeighborsClassifier(algorithm='auto', leaf_size=30, metric='minkowski',
                     metric_params=None, n_jobs=-1, n_neighbors=5, p=2,
                     weights='uniform')
2022-05-27 11:06:31,920:INFO:create_model() succesfully completed......................................
2022-05-27 11:06:32,411:INFO:SubProcess create_model() end ==================================
2022-05-27 11:06:32,411:INFO:Creating metrics dataframe
2022-05-27 11:06:32,676:INFO:Initializing Naive Bayes
2022-05-27 11:06:32,677:INFO:Total runtime is 0.8536509156227112 minutes
2022-05-27 11:06:32,736:INFO:SubProcess create_model() called ==================================
2022-05-27 11:06:32,738:INFO:Initializing create_model()
2022-05-27 11:06:32,739:INFO:create_model(estimator=nb, fold=StratifiedKFold(n_splits=10, random_state=None, shuffle=False), round=4, cross_validation=True, predict=True, fit_kwargs={}, groups=None, refit=False, verbose=False, system=False, metrics=None, experiment_custom_tags=None, add_to_model_list=True, probability_threshold=None, display=<pycaret.internal.Display.Display object at 0x00000259E9CEC340>, return_train_score=False, kwargs={})
2022-05-27 11:06:32,739:INFO:Checking exceptions
2022-05-27 11:06:32,741:INFO:Importing libraries
2022-05-27 11:06:32,742:INFO:Copying training dataset
2022-05-27 11:06:32,749:INFO:Defining folds
2022-05-27 11:06:32,751:INFO:Declaring metric variables
2022-05-27 11:06:32,804:INFO:Importing untrained model
2022-05-27 11:06:32,852:INFO:Naive Bayes Imported succesfully
2022-05-27 11:06:32,986:INFO:Starting cross validation
2022-05-27 11:06:32,989:INFO:Cross validating with StratifiedKFold(n_splits=10, random_state=None, shuffle=False), n_jobs=-1
2022-05-27 11:06:33,536:INFO:Calculating mean and std
2022-05-27 11:06:33,541:INFO:Creating metrics dataframe
2022-05-27 11:06:33,871:INFO:Uploading results into container
2022-05-27 11:06:33,872:INFO:Uploading model into container now
2022-05-27 11:06:33,872:INFO:create_model_container: 3
2022-05-27 11:06:33,873:INFO:master_model_container: 3
2022-05-27 11:06:33,873:INFO:display_container: 2
2022-05-27 11:06:33,874:INFO:GaussianNB(priors=None, var_smoothing=1e-09)
2022-05-27 11:06:33,876:INFO:create_model() succesfully completed......................................
2022-05-27 11:06:34,300:INFO:SubProcess create_model() end ==================================
2022-05-27 11:06:34,302:INFO:Creating metrics dataframe
2022-05-27 11:06:34,651:INFO:Initializing Decision Tree Classifier
2022-05-27 11:06:34,652:INFO:Total runtime is 0.8865654269854228 minutes
2022-05-27 11:06:34,711:INFO:SubProcess create_model() called ==================================
2022-05-27 11:06:34,713:INFO:Initializing create_model()
2022-05-27 11:06:34,715:INFO:create_model(estimator=dt, fold=StratifiedKFold(n_splits=10, random_state=None, shuffle=False), round=4, cross_validation=True, predict=True, fit_kwargs={}, groups=None, refit=False, verbose=False, system=False, metrics=None, experiment_custom_tags=None, add_to_model_list=True, probability_threshold=None, display=<pycaret.internal.Display.Display object at 0x00000259E9CEC340>, return_train_score=False, kwargs={})
2022-05-27 11:06:34,716:INFO:Checking exceptions
2022-05-27 11:06:34,716:INFO:Importing libraries
2022-05-27 11:06:34,717:INFO:Copying training dataset
2022-05-27 11:06:34,721:INFO:Defining folds
2022-05-27 11:06:34,722:INFO:Declaring metric variables
2022-05-27 11:06:34,773:INFO:Importing untrained model
2022-05-27 11:06:34,859:INFO:Decision Tree Classifier Imported succesfully
2022-05-27 11:06:34,970:INFO:Starting cross validation
2022-05-27 11:06:34,974:INFO:Cross validating with StratifiedKFold(n_splits=10, random_state=None, shuffle=False), n_jobs=-1
2022-05-27 11:06:35,492:INFO:Calculating mean and std
2022-05-27 11:06:35,499:INFO:Creating metrics dataframe
2022-05-27 11:06:35,680:INFO:Uploading results into container
2022-05-27 11:06:35,681:INFO:Uploading model into container now
2022-05-27 11:06:35,682:INFO:create_model_container: 4
2022-05-27 11:06:35,683:INFO:master_model_container: 4
2022-05-27 11:06:35,683:INFO:display_container: 2
2022-05-27 11:06:35,686:INFO:DecisionTreeClassifier(ccp_alpha=0.0, class_weight=None, criterion='gini',
                       max_depth=None, max_features=None, max_leaf_nodes=None,
                       min_impurity_decrease=0.0, min_impurity_split=None,
                       min_samples_leaf=1, min_samples_split=2,
                       min_weight_fraction_leaf=0.0, presort='deprecated',
                       random_state=4971, splitter='best')
2022-05-27 11:06:35,687:INFO:create_model() succesfully completed......................................
2022-05-27 11:06:36,194:INFO:SubProcess create_model() end ==================================
2022-05-27 11:06:36,196:INFO:Creating metrics dataframe
2022-05-27 11:06:36,602:INFO:Initializing SVM - Linear Kernel
2022-05-27 11:06:36,603:INFO:Total runtime is 0.9190802176793417 minutes
2022-05-27 11:06:36,656:INFO:SubProcess create_model() called ==================================
2022-05-27 11:06:36,658:INFO:Initializing create_model()
2022-05-27 11:06:36,659:INFO:create_model(estimator=svm, fold=StratifiedKFold(n_splits=10, random_state=None, shuffle=False), round=4, cross_validation=True, predict=True, fit_kwargs={}, groups=None, refit=False, verbose=False, system=False, metrics=None, experiment_custom_tags=None, add_to_model_list=True, probability_threshold=None, display=<pycaret.internal.Display.Display object at 0x00000259E9CEC340>, return_train_score=False, kwargs={})
2022-05-27 11:06:36,660:INFO:Checking exceptions
2022-05-27 11:06:36,661:INFO:Importing libraries
2022-05-27 11:06:36,661:INFO:Copying training dataset
2022-05-27 11:06:36,665:INFO:Defining folds
2022-05-27 11:06:36,666:INFO:Declaring metric variables
2022-05-27 11:06:36,723:INFO:Importing untrained model
2022-05-27 11:06:36,779:INFO:SVM - Linear Kernel Imported succesfully
2022-05-27 11:06:36,917:INFO:Starting cross validation
2022-05-27 11:06:36,921:INFO:Cross validating with StratifiedKFold(n_splits=10, random_state=None, shuffle=False), n_jobs=-1
2022-05-27 11:06:38,285:INFO:Calculating mean and std
2022-05-27 11:06:38,291:INFO:Creating metrics dataframe
2022-05-27 11:06:38,529:INFO:Uploading results into container
2022-05-27 11:06:38,530:INFO:Uploading model into container now
2022-05-27 11:06:38,531:INFO:create_model_container: 5
2022-05-27 11:06:38,532:INFO:master_model_container: 5
2022-05-27 11:06:38,532:INFO:display_container: 2
2022-05-27 11:06:38,535:INFO:SGDClassifier(alpha=0.0001, average=False, class_weight=None,
              early_stopping=False, epsilon=0.1, eta0=0.001, fit_intercept=True,
              l1_ratio=0.15, learning_rate='optimal', loss='hinge',
              max_iter=1000, n_iter_no_change=5, n_jobs=-1, penalty='l2',
              power_t=0.5, random_state=4971, shuffle=True, tol=0.001,
              validation_fraction=0.1, verbose=0, warm_start=False)
2022-05-27 11:06:38,537:INFO:create_model() succesfully completed......................................
2022-05-27 11:06:38,981:INFO:SubProcess create_model() end ==================================
2022-05-27 11:06:38,982:INFO:Creating metrics dataframe
2022-05-27 11:06:39,363:INFO:Initializing Ridge Classifier
2022-05-27 11:06:39,364:INFO:Total runtime is 0.9651039679845175 minutes
2022-05-27 11:06:39,451:INFO:SubProcess create_model() called ==================================
2022-05-27 11:06:39,454:INFO:Initializing create_model()
2022-05-27 11:06:39,455:INFO:create_model(estimator=ridge, fold=StratifiedKFold(n_splits=10, random_state=None, shuffle=False), round=4, cross_validation=True, predict=True, fit_kwargs={}, groups=None, refit=False, verbose=False, system=False, metrics=None, experiment_custom_tags=None, add_to_model_list=True, probability_threshold=None, display=<pycaret.internal.Display.Display object at 0x00000259E9CEC340>, return_train_score=False, kwargs={})
2022-05-27 11:06:39,457:INFO:Checking exceptions
2022-05-27 11:06:39,458:INFO:Importing libraries
2022-05-27 11:06:39,462:INFO:Copying training dataset
2022-05-27 11:06:39,467:INFO:Defining folds
2022-05-27 11:06:39,469:INFO:Declaring metric variables
2022-05-27 11:06:39,535:INFO:Importing untrained model
2022-05-27 11:06:39,586:INFO:Ridge Classifier Imported succesfully
2022-05-27 11:06:39,679:INFO:Starting cross validation
2022-05-27 11:06:39,682:INFO:Cross validating with StratifiedKFold(n_splits=10, random_state=None, shuffle=False), n_jobs=-1
2022-05-27 11:06:40,132:INFO:Calculating mean and std
2022-05-27 11:06:40,137:INFO:Creating metrics dataframe
2022-05-27 11:06:40,300:INFO:Uploading results into container
2022-05-27 11:06:40,301:INFO:Uploading model into container now
2022-05-27 11:06:40,302:INFO:create_model_container: 6
2022-05-27 11:06:40,303:INFO:master_model_container: 6
2022-05-27 11:06:40,303:INFO:display_container: 2
2022-05-27 11:06:40,306:INFO:RidgeClassifier(alpha=1.0, class_weight=None, copy_X=True, fit_intercept=True,
                max_iter=None, normalize=False, random_state=4971,
                solver='auto', tol=0.001)
2022-05-27 11:06:40,306:INFO:create_model() succesfully completed......................................
2022-05-27 11:06:40,568:INFO:SubProcess create_model() end ==================================
2022-05-27 11:06:40,568:INFO:Creating metrics dataframe
2022-05-27 11:06:40,739:INFO:Initializing Random Forest Classifier
2022-05-27 11:06:40,740:INFO:Total runtime is 0.9880408207575481 minutes
2022-05-27 11:06:40,789:INFO:SubProcess create_model() called ==================================
2022-05-27 11:06:40,791:INFO:Initializing create_model()
2022-05-27 11:06:40,792:INFO:create_model(estimator=rf, fold=StratifiedKFold(n_splits=10, random_state=None, shuffle=False), round=4, cross_validation=True, predict=True, fit_kwargs={}, groups=None, refit=False, verbose=False, system=False, metrics=None, experiment_custom_tags=None, add_to_model_list=True, probability_threshold=None, display=<pycaret.internal.Display.Display object at 0x00000259E9CEC340>, return_train_score=False, kwargs={})
2022-05-27 11:06:40,793:INFO:Checking exceptions
2022-05-27 11:06:40,794:INFO:Importing libraries
2022-05-27 11:06:40,794:INFO:Copying training dataset
2022-05-27 11:06:40,798:INFO:Defining folds
2022-05-27 11:06:40,799:INFO:Declaring metric variables
2022-05-27 11:06:40,844:INFO:Importing untrained model
2022-05-27 11:06:40,891:INFO:Random Forest Classifier Imported succesfully
2022-05-27 11:06:40,987:INFO:Starting cross validation
2022-05-27 11:06:40,990:INFO:Cross validating with StratifiedKFold(n_splits=10, random_state=None, shuffle=False), n_jobs=-1
2022-05-27 11:06:49,124:INFO:Calculating mean and std
2022-05-27 11:06:49,130:INFO:Creating metrics dataframe
2022-05-27 11:06:49,260:INFO:Uploading results into container
2022-05-27 11:06:49,261:INFO:Uploading model into container now
2022-05-27 11:06:49,261:INFO:create_model_container: 7
2022-05-27 11:06:49,262:INFO:master_model_container: 7
2022-05-27 11:06:49,263:INFO:display_container: 2
2022-05-27 11:06:49,265:INFO:RandomForestClassifier(bootstrap=True, ccp_alpha=0.0, class_weight=None,
                       criterion='gini', max_depth=None, max_features='auto',
                       max_leaf_nodes=None, max_samples=None,
                       min_impurity_decrease=0.0, min_impurity_split=None,
                       min_samples_leaf=1, min_samples_split=2,
                       min_weight_fraction_leaf=0.0, n_estimators=100,
                       n_jobs=-1, oob_score=False, random_state=4971, verbose=0,
                       warm_start=False)
2022-05-27 11:06:49,266:INFO:create_model() succesfully completed......................................
2022-05-27 11:06:49,508:INFO:SubProcess create_model() end ==================================
2022-05-27 11:06:49,508:INFO:Creating metrics dataframe
2022-05-27 11:06:49,704:INFO:Initializing Quadratic Discriminant Analysis
2022-05-27 11:06:49,705:INFO:Total runtime is 1.1374555269877116 minutes
2022-05-27 11:06:49,753:INFO:SubProcess create_model() called ==================================
2022-05-27 11:06:49,755:INFO:Initializing create_model()
2022-05-27 11:06:49,755:INFO:create_model(estimator=qda, fold=StratifiedKFold(n_splits=10, random_state=None, shuffle=False), round=4, cross_validation=True, predict=True, fit_kwargs={}, groups=None, refit=False, verbose=False, system=False, metrics=None, experiment_custom_tags=None, add_to_model_list=True, probability_threshold=None, display=<pycaret.internal.Display.Display object at 0x00000259E9CEC340>, return_train_score=False, kwargs={})
2022-05-27 11:06:49,756:INFO:Checking exceptions
2022-05-27 11:06:49,757:INFO:Importing libraries
2022-05-27 11:06:49,758:INFO:Copying training dataset
2022-05-27 11:06:49,761:INFO:Defining folds
2022-05-27 11:06:49,762:INFO:Declaring metric variables
2022-05-27 11:06:49,811:INFO:Importing untrained model
2022-05-27 11:06:49,865:INFO:Quadratic Discriminant Analysis Imported succesfully
2022-05-27 11:06:49,978:INFO:Starting cross validation
2022-05-27 11:06:49,981:INFO:Cross validating with StratifiedKFold(n_splits=10, random_state=None, shuffle=False), n_jobs=-1
2022-05-27 11:06:50,428:INFO:Calculating mean and std
2022-05-27 11:06:50,433:INFO:Creating metrics dataframe
2022-05-27 11:06:50,598:INFO:Uploading results into container
2022-05-27 11:06:50,599:INFO:Uploading model into container now
2022-05-27 11:06:50,600:INFO:create_model_container: 8
2022-05-27 11:06:50,601:INFO:master_model_container: 8
2022-05-27 11:06:50,601:INFO:display_container: 2
2022-05-27 11:06:50,608:INFO:QuadraticDiscriminantAnalysis(priors=None, reg_param=0.0,
                              store_covariance=False, tol=0.0001)
2022-05-27 11:06:50,609:INFO:create_model() succesfully completed......................................
2022-05-27 11:06:50,905:INFO:SubProcess create_model() end ==================================
2022-05-27 11:06:50,906:INFO:Creating metrics dataframe
2022-05-27 11:06:51,091:INFO:Initializing Ada Boost Classifier
2022-05-27 11:06:51,092:INFO:Total runtime is 1.1605590025583903 minutes
2022-05-27 11:06:51,140:INFO:SubProcess create_model() called ==================================
2022-05-27 11:06:51,142:INFO:Initializing create_model()
2022-05-27 11:06:51,143:INFO:create_model(estimator=ada, fold=StratifiedKFold(n_splits=10, random_state=None, shuffle=False), round=4, cross_validation=True, predict=True, fit_kwargs={}, groups=None, refit=False, verbose=False, system=False, metrics=None, experiment_custom_tags=None, add_to_model_list=True, probability_threshold=None, display=<pycaret.internal.Display.Display object at 0x00000259E9CEC340>, return_train_score=False, kwargs={})
2022-05-27 11:06:51,144:INFO:Checking exceptions
2022-05-27 11:06:51,145:INFO:Importing libraries
2022-05-27 11:06:51,146:INFO:Copying training dataset
2022-05-27 11:06:51,149:INFO:Defining folds
2022-05-27 11:06:51,150:INFO:Declaring metric variables
2022-05-27 11:06:51,197:INFO:Importing untrained model
2022-05-27 11:06:51,272:INFO:Ada Boost Classifier Imported succesfully
2022-05-27 11:06:51,433:INFO:Starting cross validation
2022-05-27 11:06:51,441:INFO:Cross validating with StratifiedKFold(n_splits=10, random_state=None, shuffle=False), n_jobs=-1
2022-05-27 11:06:55,774:INFO:Calculating mean and std
2022-05-27 11:06:55,781:INFO:Creating metrics dataframe
2022-05-27 11:06:55,916:INFO:Uploading results into container
2022-05-27 11:06:55,917:INFO:Uploading model into container now
2022-05-27 11:06:55,918:INFO:create_model_container: 9
2022-05-27 11:06:55,919:INFO:master_model_container: 9
2022-05-27 11:06:55,919:INFO:display_container: 2
2022-05-27 11:06:55,921:INFO:AdaBoostClassifier(algorithm='SAMME.R', base_estimator=None, learning_rate=1.0,
                   n_estimators=50, random_state=4971)
2022-05-27 11:06:55,921:INFO:create_model() succesfully completed......................................
2022-05-27 11:06:56,165:INFO:SubProcess create_model() end ==================================
2022-05-27 11:06:56,166:INFO:Creating metrics dataframe
2022-05-27 11:06:56,353:INFO:Initializing Gradient Boosting Classifier
2022-05-27 11:06:56,354:INFO:Total runtime is 1.2482738455136617 minutes
2022-05-27 11:06:56,405:INFO:SubProcess create_model() called ==================================
2022-05-27 11:06:56,407:INFO:Initializing create_model()
2022-05-27 11:06:56,408:INFO:create_model(estimator=gbc, fold=StratifiedKFold(n_splits=10, random_state=None, shuffle=False), round=4, cross_validation=True, predict=True, fit_kwargs={}, groups=None, refit=False, verbose=False, system=False, metrics=None, experiment_custom_tags=None, add_to_model_list=True, probability_threshold=None, display=<pycaret.internal.Display.Display object at 0x00000259E9CEC340>, return_train_score=False, kwargs={})
2022-05-27 11:06:56,409:INFO:Checking exceptions
2022-05-27 11:06:56,409:INFO:Importing libraries
2022-05-27 11:06:56,410:INFO:Copying training dataset
2022-05-27 11:06:56,414:INFO:Defining folds
2022-05-27 11:06:56,415:INFO:Declaring metric variables
2022-05-27 11:06:56,458:INFO:Importing untrained model
2022-05-27 11:06:56,505:INFO:Gradient Boosting Classifier Imported succesfully
2022-05-27 11:06:56,602:INFO:Starting cross validation
2022-05-27 11:06:56,605:INFO:Cross validating with StratifiedKFold(n_splits=10, random_state=None, shuffle=False), n_jobs=-1
2022-05-27 11:07:03,265:INFO:Calculating mean and std
2022-05-27 11:07:03,271:INFO:Creating metrics dataframe
2022-05-27 11:07:03,383:INFO:Uploading results into container
2022-05-27 11:07:03,384:INFO:Uploading model into container now
2022-05-27 11:07:03,385:INFO:create_model_container: 10
2022-05-27 11:07:03,385:INFO:master_model_container: 10
2022-05-27 11:07:03,386:INFO:display_container: 2
2022-05-27 11:07:03,388:INFO:GradientBoostingClassifier(ccp_alpha=0.0, criterion='friedman_mse', init=None,
                           learning_rate=0.1, loss='deviance', max_depth=3,
                           max_features=None, max_leaf_nodes=None,
                           min_impurity_decrease=0.0, min_impurity_split=None,
                           min_samples_leaf=1, min_samples_split=2,
                           min_weight_fraction_leaf=0.0, n_estimators=100,
                           n_iter_no_change=None, presort='deprecated',
                           random_state=4971, subsample=1.0, tol=0.0001,
                           validation_fraction=0.1, verbose=0,
                           warm_start=False)
2022-05-27 11:07:03,388:INFO:create_model() succesfully completed......................................
2022-05-27 11:07:03,608:INFO:SubProcess create_model() end ==================================
2022-05-27 11:07:03,609:INFO:Creating metrics dataframe
2022-05-27 11:07:03,847:INFO:Initializing Linear Discriminant Analysis
2022-05-27 11:07:03,849:INFO:Total runtime is 1.3731811841328938 minutes
2022-05-27 11:07:03,894:INFO:SubProcess create_model() called ==================================
2022-05-27 11:07:03,896:INFO:Initializing create_model()
2022-05-27 11:07:03,897:INFO:create_model(estimator=lda, fold=StratifiedKFold(n_splits=10, random_state=None, shuffle=False), round=4, cross_validation=True, predict=True, fit_kwargs={}, groups=None, refit=False, verbose=False, system=False, metrics=None, experiment_custom_tags=None, add_to_model_list=True, probability_threshold=None, display=<pycaret.internal.Display.Display object at 0x00000259E9CEC340>, return_train_score=False, kwargs={})
2022-05-27 11:07:03,898:INFO:Checking exceptions
2022-05-27 11:07:03,899:INFO:Importing libraries
2022-05-27 11:07:03,899:INFO:Copying training dataset
2022-05-27 11:07:03,903:INFO:Defining folds
2022-05-27 11:07:03,904:INFO:Declaring metric variables
2022-05-27 11:07:03,948:INFO:Importing untrained model
2022-05-27 11:07:03,988:INFO:Linear Discriminant Analysis Imported succesfully
2022-05-27 11:07:04,068:INFO:Starting cross validation
2022-05-27 11:07:04,071:INFO:Cross validating with StratifiedKFold(n_splits=10, random_state=None, shuffle=False), n_jobs=-1
2022-05-27 11:07:04,623:INFO:Calculating mean and std
2022-05-27 11:07:04,627:INFO:Creating metrics dataframe
2022-05-27 11:07:04,721:INFO:Uploading results into container
2022-05-27 11:07:04,722:INFO:Uploading model into container now
2022-05-27 11:07:04,722:INFO:create_model_container: 11
2022-05-27 11:07:04,723:INFO:master_model_container: 11
2022-05-27 11:07:04,724:INFO:display_container: 2
2022-05-27 11:07:04,725:INFO:LinearDiscriminantAnalysis(n_components=None, priors=None, shrinkage=None,
                           solver='svd', store_covariance=False, tol=0.0001)
2022-05-27 11:07:04,726:INFO:create_model() succesfully completed......................................
2022-05-27 11:07:04,928:INFO:SubProcess create_model() end ==================================
2022-05-27 11:07:04,929:INFO:Creating metrics dataframe
2022-05-27 11:07:05,160:INFO:Initializing Extra Trees Classifier
2022-05-27 11:07:05,161:INFO:Total runtime is 1.3950520237286885 minutes
2022-05-27 11:07:05,203:INFO:SubProcess create_model() called ==================================
2022-05-27 11:07:05,205:INFO:Initializing create_model()
2022-05-27 11:07:05,205:INFO:create_model(estimator=et, fold=StratifiedKFold(n_splits=10, random_state=None, shuffle=False), round=4, cross_validation=True, predict=True, fit_kwargs={}, groups=None, refit=False, verbose=False, system=False, metrics=None, experiment_custom_tags=None, add_to_model_list=True, probability_threshold=None, display=<pycaret.internal.Display.Display object at 0x00000259E9CEC340>, return_train_score=False, kwargs={})
2022-05-27 11:07:05,206:INFO:Checking exceptions
2022-05-27 11:07:05,207:INFO:Importing libraries
2022-05-27 11:07:05,208:INFO:Copying training dataset
2022-05-27 11:07:05,211:INFO:Defining folds
2022-05-27 11:07:05,212:INFO:Declaring metric variables
2022-05-27 11:07:05,250:INFO:Importing untrained model
2022-05-27 11:07:05,287:INFO:Extra Trees Classifier Imported succesfully
2022-05-27 11:07:05,363:INFO:Starting cross validation
2022-05-27 11:07:05,367:INFO:Cross validating with StratifiedKFold(n_splits=10, random_state=None, shuffle=False), n_jobs=-1
2022-05-27 11:07:12,770:INFO:Calculating mean and std
2022-05-27 11:07:12,776:INFO:Creating metrics dataframe
2022-05-27 11:07:12,883:INFO:Uploading results into container
2022-05-27 11:07:12,884:INFO:Uploading model into container now
2022-05-27 11:07:12,884:INFO:create_model_container: 12
2022-05-27 11:07:12,885:INFO:master_model_container: 12
2022-05-27 11:07:12,885:INFO:display_container: 2
2022-05-27 11:07:12,888:INFO:ExtraTreesClassifier(bootstrap=False, ccp_alpha=0.0, class_weight=None,
                     criterion='gini', max_depth=None, max_features='auto',
                     max_leaf_nodes=None, max_samples=None,
                     min_impurity_decrease=0.0, min_impurity_split=None,
                     min_samples_leaf=1, min_samples_split=2,
                     min_weight_fraction_leaf=0.0, n_estimators=100, n_jobs=-1,
                     oob_score=False, random_state=4971, verbose=0,
                     warm_start=False)
2022-05-27 11:07:12,889:INFO:create_model() succesfully completed......................................
2022-05-27 11:07:13,093:INFO:SubProcess create_model() end ==================================
2022-05-27 11:07:13,094:INFO:Creating metrics dataframe
2022-05-27 11:07:13,226:INFO:Initializing Light Gradient Boosting Machine
2022-05-27 11:07:13,227:INFO:Total runtime is 1.529483687877655 minutes
2022-05-27 11:07:13,271:INFO:SubProcess create_model() called ==================================
2022-05-27 11:07:13,273:INFO:Initializing create_model()
2022-05-27 11:07:13,275:INFO:create_model(estimator=lightgbm, fold=StratifiedKFold(n_splits=10, random_state=None, shuffle=False), round=4, cross_validation=True, predict=True, fit_kwargs={}, groups=None, refit=False, verbose=False, system=False, metrics=None, experiment_custom_tags=None, add_to_model_list=True, probability_threshold=None, display=<pycaret.internal.Display.Display object at 0x00000259E9CEC340>, return_train_score=False, kwargs={})
2022-05-27 11:07:13,275:INFO:Checking exceptions
2022-05-27 11:07:13,276:INFO:Importing libraries
2022-05-27 11:07:13,276:INFO:Copying training dataset
2022-05-27 11:07:13,280:INFO:Defining folds
2022-05-27 11:07:13,281:INFO:Declaring metric variables
2022-05-27 11:07:13,329:INFO:Importing untrained model
2022-05-27 11:07:13,375:INFO:Light Gradient Boosting Machine Imported succesfully
2022-05-27 11:07:13,464:INFO:Starting cross validation
2022-05-27 11:07:13,467:INFO:Cross validating with StratifiedKFold(n_splits=10, random_state=None, shuffle=False), n_jobs=-1
2022-05-27 11:07:15,834:INFO:Calculating mean and std
2022-05-27 11:07:15,840:INFO:Creating metrics dataframe
2022-05-27 11:07:16,011:INFO:Uploading results into container
2022-05-27 11:07:16,014:INFO:Uploading model into container now
2022-05-27 11:07:16,016:INFO:create_model_container: 13
2022-05-27 11:07:16,016:INFO:master_model_container: 13
2022-05-27 11:07:16,016:INFO:display_container: 2
2022-05-27 11:07:16,018:INFO:LGBMClassifier(boosting_type='gbdt', class_weight=None, colsample_bytree=1.0,
               importance_type='split', learning_rate=0.1, max_depth=-1,
               min_child_samples=20, min_child_weight=0.001, min_split_gain=0.0,
               n_estimators=100, n_jobs=-1, num_leaves=31, objective=None,
               random_state=4971, reg_alpha=0.0, reg_lambda=0.0, silent='warn',
               subsample=1.0, subsample_for_bin=200000, subsample_freq=0)
2022-05-27 11:07:16,019:INFO:create_model() succesfully completed......................................
2022-05-27 11:07:16,239:INFO:SubProcess create_model() end ==================================
2022-05-27 11:07:16,239:INFO:Creating metrics dataframe
2022-05-27 11:07:16,357:INFO:Initializing Dummy Classifier
2022-05-27 11:07:16,358:INFO:Total runtime is 1.581660250822703 minutes
2022-05-27 11:07:16,395:INFO:SubProcess create_model() called ==================================
2022-05-27 11:07:16,396:INFO:Initializing create_model()
2022-05-27 11:07:16,397:INFO:create_model(estimator=dummy, fold=StratifiedKFold(n_splits=10, random_state=None, shuffle=False), round=4, cross_validation=True, predict=True, fit_kwargs={}, groups=None, refit=False, verbose=False, system=False, metrics=None, experiment_custom_tags=None, add_to_model_list=True, probability_threshold=None, display=<pycaret.internal.Display.Display object at 0x00000259E9CEC340>, return_train_score=False, kwargs={})
2022-05-27 11:07:16,398:INFO:Checking exceptions
2022-05-27 11:07:16,399:INFO:Importing libraries
2022-05-27 11:07:16,399:INFO:Copying training dataset
2022-05-27 11:07:16,403:INFO:Defining folds
2022-05-27 11:07:16,404:INFO:Declaring metric variables
2022-05-27 11:07:16,440:INFO:Importing untrained model
2022-05-27 11:07:16,474:INFO:Dummy Classifier Imported succesfully
2022-05-27 11:07:16,550:INFO:Starting cross validation
2022-05-27 11:07:16,552:INFO:Cross validating with StratifiedKFold(n_splits=10, random_state=None, shuffle=False), n_jobs=-1
2022-05-27 11:07:16,921:INFO:Calculating mean and std
2022-05-27 11:07:16,929:INFO:Creating metrics dataframe
2022-05-27 11:07:17,057:INFO:Uploading results into container
2022-05-27 11:07:17,058:INFO:Uploading model into container now
2022-05-27 11:07:17,060:INFO:create_model_container: 14
2022-05-27 11:07:17,060:INFO:master_model_container: 14
2022-05-27 11:07:17,061:INFO:display_container: 2
2022-05-27 11:07:17,062:INFO:DummyClassifier(constant=None, random_state=4971, strategy='prior')
2022-05-27 11:07:17,063:INFO:create_model() succesfully completed......................................
2022-05-27 11:07:17,405:INFO:SubProcess create_model() end ==================================
2022-05-27 11:07:17,406:INFO:Creating metrics dataframe
2022-05-27 11:07:17,700:INFO:Initializing create_model()
2022-05-27 11:07:17,701:INFO:create_model(estimator=LGBMClassifier(boosting_type='gbdt', class_weight=None, colsample_bytree=1.0,
               importance_type='split', learning_rate=0.1, max_depth=-1,
               min_child_samples=20, min_child_weight=0.001, min_split_gain=0.0,
               n_estimators=100, n_jobs=-1, num_leaves=31, objective=None,
               random_state=4971, reg_alpha=0.0, reg_lambda=0.0, silent='warn',
               subsample=1.0, subsample_for_bin=200000, subsample_freq=0), fold=StratifiedKFold(n_splits=10, random_state=None, shuffle=False), round=4, cross_validation=False, predict=False, fit_kwargs={}, groups=None, refit=True, verbose=False, system=False, metrics=None, experiment_custom_tags=None, add_to_model_list=True, probability_threshold=None, display=None, return_train_score=False, kwargs={})
2022-05-27 11:07:17,702:INFO:Checking exceptions
2022-05-27 11:07:17,703:INFO:Importing libraries
2022-05-27 11:07:17,704:INFO:Copying training dataset
2022-05-27 11:07:17,707:INFO:Defining folds
2022-05-27 11:07:17,707:INFO:Declaring metric variables
2022-05-27 11:07:17,708:INFO:Importing untrained model
2022-05-27 11:07:17,709:INFO:Declaring custom model
2022-05-27 11:07:17,714:INFO:Light Gradient Boosting Machine Imported succesfully
2022-05-27 11:07:17,716:INFO:Cross validation set to False
2022-05-27 11:07:17,717:INFO:Fitting Model
2022-05-27 11:07:18,423:INFO:LGBMClassifier(boosting_type='gbdt', class_weight=None, colsample_bytree=1.0,
               importance_type='split', learning_rate=0.1, max_depth=-1,
               min_child_samples=20, min_child_weight=0.001, min_split_gain=0.0,
               n_estimators=100, n_jobs=-1, num_leaves=31, objective=None,
               random_state=4971, reg_alpha=0.0, reg_lambda=0.0, silent='warn',
               subsample=1.0, subsample_for_bin=200000, subsample_freq=0)
2022-05-27 11:07:18,424:INFO:create_models() succesfully completed......................................
2022-05-27 11:07:18,839:INFO:create_model_container: 14
2022-05-27 11:07:18,840:INFO:master_model_container: 14
2022-05-27 11:07:18,840:INFO:display_container: 2
2022-05-27 11:07:18,844:INFO:LGBMClassifier(boosting_type='gbdt', class_weight=None, colsample_bytree=1.0,
               importance_type='split', learning_rate=0.1, max_depth=-1,
               min_child_samples=20, min_child_weight=0.001, min_split_gain=0.0,
               n_estimators=100, n_jobs=-1, num_leaves=31, objective=None,
               random_state=4971, reg_alpha=0.0, reg_lambda=0.0, silent='warn',
               subsample=1.0, subsample_for_bin=200000, subsample_freq=0)
2022-05-27 11:07:18,844:INFO:compare_models() succesfully completed......................................
2022-05-27 11:11:34,352:INFO:gpu_param set to False
2022-05-27 11:11:34,998:WARNING:Couldn't import xgboost.XGBClassifier
2022-05-27 11:11:35,008:WARNING:Couldn't import catboost.CatBoostClassifier
2022-05-27 11:13:14,580:INFO:Initializing create_model()
2022-05-27 11:13:14,581:INFO:create_model(estimator=rf, fold=None, round=4, cross_validation=True, predict=True, fit_kwargs=None, groups=None, refit=True, verbose=True, system=True, metrics=None, experiment_custom_tags=None, add_to_model_list=True, probability_threshold=None, display=None, return_train_score=False, kwargs={})
2022-05-27 11:13:14,582:INFO:Checking exceptions
2022-05-27 11:13:14,583:INFO:Preparing display monitor
2022-05-27 11:13:14,689:INFO:Importing libraries
2022-05-27 11:13:14,690:INFO:Copying training dataset
2022-05-27 11:13:14,695:INFO:Defining folds
2022-05-27 11:13:14,696:INFO:Declaring metric variables
2022-05-27 11:13:14,734:INFO:Importing untrained model
2022-05-27 11:13:14,783:INFO:Random Forest Classifier Imported succesfully
2022-05-27 11:13:14,872:INFO:Starting cross validation
2022-05-27 11:13:14,876:INFO:Cross validating with StratifiedKFold(n_splits=10, random_state=None, shuffle=False), n_jobs=-1
2022-05-27 11:13:55,315:INFO:Calculating mean and std
2022-05-27 11:13:55,321:INFO:Creating metrics dataframe
2022-05-27 11:13:55,387:INFO:Finalizing model
2022-05-27 11:13:57,681:INFO:Uploading results into container
2022-05-27 11:13:57,683:INFO:Uploading model into container now
2022-05-27 11:13:57,742:INFO:create_model_container: 15
2022-05-27 11:13:57,742:INFO:master_model_container: 15
2022-05-27 11:13:57,742:INFO:display_container: 3
2022-05-27 11:13:57,748:INFO:RandomForestClassifier(bootstrap=True, ccp_alpha=0.0, class_weight=None,
                       criterion='gini', max_depth=None, max_features='auto',
                       max_leaf_nodes=None, max_samples=None,
                       min_impurity_decrease=0.0, min_impurity_split=None,
                       min_samples_leaf=1, min_samples_split=2,
                       min_weight_fraction_leaf=0.0, n_estimators=100,
                       n_jobs=-1, oob_score=False, random_state=4971, verbose=0,
                       warm_start=False)
2022-05-27 11:13:57,753:INFO:create_model() succesfully completed......................................
2022-05-27 11:14:19,159:INFO:Initializing create_model()
2022-05-27 11:14:19,160:INFO:create_model(estimator=rf, fold=None, round=4, cross_validation=True, predict=True, fit_kwargs=None, groups=None, refit=True, verbose=True, system=True, metrics=None, experiment_custom_tags=None, add_to_model_list=True, probability_threshold=None, display=None, return_train_score=False, kwargs={})
2022-05-27 11:14:19,160:INFO:Checking exceptions
2022-05-27 11:14:19,161:INFO:Preparing display monitor
2022-05-27 11:14:19,261:INFO:Importing libraries
2022-05-27 11:14:19,262:INFO:Copying training dataset
2022-05-27 11:14:19,268:INFO:Defining folds
2022-05-27 11:14:19,269:INFO:Declaring metric variables
2022-05-27 11:14:19,306:INFO:Importing untrained model
2022-05-27 11:14:19,349:INFO:Random Forest Classifier Imported succesfully
2022-05-27 11:14:19,460:INFO:Starting cross validation
2022-05-27 11:14:19,465:INFO:Cross validating with StratifiedKFold(n_splits=10, random_state=None, shuffle=False), n_jobs=-1
2022-05-27 11:14:29,036:INFO:Calculating mean and std
2022-05-27 11:14:29,042:INFO:Creating metrics dataframe
2022-05-27 11:14:29,104:INFO:Finalizing model
2022-05-27 11:14:30,534:INFO:Uploading results into container
2022-05-27 11:14:30,535:INFO:Uploading model into container now
2022-05-27 11:14:30,574:INFO:create_model_container: 16
2022-05-27 11:14:30,575:INFO:master_model_container: 16
2022-05-27 11:14:30,576:INFO:display_container: 4
2022-05-27 11:14:30,579:INFO:RandomForestClassifier(bootstrap=True, ccp_alpha=0.0, class_weight=None,
                       criterion='gini', max_depth=None, max_features='auto',
                       max_leaf_nodes=None, max_samples=None,
                       min_impurity_decrease=0.0, min_impurity_split=None,
                       min_samples_leaf=1, min_samples_split=2,
                       min_weight_fraction_leaf=0.0, n_estimators=100,
                       n_jobs=-1, oob_score=False, random_state=4971, verbose=0,
                       warm_start=False)
2022-05-27 11:14:30,580:INFO:create_model() succesfully completed......................................
2022-05-27 11:15:12,990:INFO:Initializing create_model()
2022-05-27 11:15:12,991:INFO:create_model(estimator=rf, fold=20, round=4, cross_validation=True, predict=True, fit_kwargs=None, groups=None, refit=True, verbose=True, system=True, metrics=None, experiment_custom_tags=None, add_to_model_list=True, probability_threshold=None, display=None, return_train_score=False, kwargs={})
2022-05-27 11:15:12,992:INFO:Checking exceptions
2022-05-27 11:15:12,992:INFO:Preparing display monitor
2022-05-27 11:15:13,097:INFO:Importing libraries
2022-05-27 11:15:13,098:INFO:Copying training dataset
2022-05-27 11:15:13,103:INFO:Defining folds
2022-05-27 11:15:13,105:INFO:Declaring metric variables
2022-05-27 11:15:13,152:INFO:Importing untrained model
2022-05-27 11:15:13,214:INFO:Random Forest Classifier Imported succesfully
2022-05-27 11:15:13,348:INFO:Starting cross validation
2022-05-27 11:15:13,351:INFO:Cross validating with StratifiedKFold(n_splits=20, random_state=None, shuffle=False), n_jobs=-1
2022-05-27 11:15:31,067:INFO:Calculating mean and std
2022-05-27 11:15:31,076:INFO:Creating metrics dataframe
2022-05-27 11:15:31,184:INFO:Finalizing model
2022-05-27 11:15:32,670:INFO:Uploading results into container
2022-05-27 11:15:32,670:INFO:Uploading model into container now
2022-05-27 11:15:32,731:INFO:create_model_container: 17
2022-05-27 11:15:32,732:INFO:master_model_container: 17
2022-05-27 11:15:32,733:INFO:display_container: 5
2022-05-27 11:15:32,736:INFO:RandomForestClassifier(bootstrap=True, ccp_alpha=0.0, class_weight=None,
                       criterion='gini', max_depth=None, max_features='auto',
                       max_leaf_nodes=None, max_samples=None,
                       min_impurity_decrease=0.0, min_impurity_split=None,
                       min_samples_leaf=1, min_samples_split=2,
                       min_weight_fraction_leaf=0.0, n_estimators=100,
                       n_jobs=-1, oob_score=False, random_state=4971, verbose=0,
                       warm_start=False)
2022-05-27 11:15:32,736:INFO:create_model() succesfully completed......................................
2022-05-27 11:17:23,023:INFO:Initializing tune_model()
2022-05-27 11:17:23,024:INFO:tune_model(estimator=RandomForestClassifier(bootstrap=True, ccp_alpha=0.0, class_weight=None,
                       criterion='gini', max_depth=None, max_features='auto',
                       max_leaf_nodes=None, max_samples=None,
                       min_impurity_decrease=0.0, min_impurity_split=None,
                       min_samples_leaf=1, min_samples_split=2,
                       min_weight_fraction_leaf=0.0, n_estimators=100,
                       n_jobs=-1, oob_score=False, random_state=4971, verbose=0,
                       warm_start=False), fold=None, round=4, n_iter=10, custom_grid=None, optimize=Accuracy, custom_scorer=None, search_library=scikit-learn, search_algorithm=None, early_stopping=False, early_stopping_max_iters=10, choose_better=False, fit_kwargs=None, groups=None, return_tuner=False, verbose=True, tuner_verbose=True, display=None, return_train_score=False, kwargs={})
2022-05-27 11:17:23,025:INFO:Checking exceptions
2022-05-27 11:17:23,029:INFO:Preparing display monitor
2022-05-27 11:17:23,142:INFO:Copying training dataset
2022-05-27 11:17:23,149:INFO:Checking base model
2022-05-27 11:17:23,151:INFO:Base model : Random Forest Classifier
2022-05-27 11:17:23,207:INFO:Declaring metric variables
2022-05-27 11:17:23,263:INFO:Defining Hyperparameters
2022-05-27 11:17:23,674:INFO:Tuning with n_jobs=-1
2022-05-27 11:17:23,675:INFO:Initializing RandomizedSearchCV
2022-05-27 11:19:30,330:INFO:best_params: {'actual_estimator__n_estimators': 240, 'actual_estimator__min_samples_split': 7, 'actual_estimator__min_samples_leaf': 4, 'actual_estimator__min_impurity_decrease': 0.0005, 'actual_estimator__max_features': 'log2', 'actual_estimator__max_depth': 8, 'actual_estimator__criterion': 'entropy', 'actual_estimator__class_weight': {}, 'actual_estimator__bootstrap': True}
2022-05-27 11:19:30,334:INFO:Hyperparameter search completed
2022-05-27 11:19:30,335:INFO:SubProcess create_model() called ==================================
2022-05-27 11:19:30,340:INFO:Initializing create_model()
2022-05-27 11:19:30,341:INFO:create_model(estimator=RandomForestClassifier(bootstrap=True, ccp_alpha=0.0, class_weight=None,
                       criterion='gini', max_depth=None, max_features='auto',
                       max_leaf_nodes=None, max_samples=None,
                       min_impurity_decrease=0.0, min_impurity_split=None,
                       min_samples_leaf=1, min_samples_split=2,
                       min_weight_fraction_leaf=0.0, n_estimators=100,
                       n_jobs=-1, oob_score=False, random_state=4971, verbose=0,
                       warm_start=False), fold=StratifiedKFold(n_splits=10, random_state=None, shuffle=False), round=4, cross_validation=True, predict=True, fit_kwargs={}, groups=None, refit=True, verbose=True, system=False, metrics=None, experiment_custom_tags=None, add_to_model_list=True, probability_threshold=None, display=<pycaret.internal.Display.Display object at 0x00000259ED66D2E0>, return_train_score=False, kwargs={'n_estimators': 240, 'min_samples_split': 7, 'min_samples_leaf': 4, 'min_impurity_decrease': 0.0005, 'max_features': 'log2', 'max_depth': 8, 'criterion': 'entropy', 'class_weight': {}, 'bootstrap': True})
2022-05-27 11:19:30,341:INFO:Checking exceptions
2022-05-27 11:19:30,342:INFO:Importing libraries
2022-05-27 11:19:30,342:INFO:Copying training dataset
2022-05-27 11:19:30,347:INFO:Defining folds
2022-05-27 11:19:30,348:INFO:Declaring metric variables
2022-05-27 11:19:30,409:INFO:Importing untrained model
2022-05-27 11:19:30,410:INFO:Declaring custom model
2022-05-27 11:19:30,476:INFO:Random Forest Classifier Imported succesfully
2022-05-27 11:19:30,586:INFO:Starting cross validation
2022-05-27 11:19:30,591:INFO:Cross validating with StratifiedKFold(n_splits=10, random_state=None, shuffle=False), n_jobs=-1
2022-05-27 11:19:48,616:INFO:Calculating mean and std
2022-05-27 11:19:48,622:INFO:Creating metrics dataframe
2022-05-27 11:19:48,682:INFO:Finalizing model
2022-05-27 11:19:52,759:INFO:Uploading results into container
2022-05-27 11:19:52,760:INFO:Uploading model into container now
2022-05-27 11:19:52,761:INFO:create_model_container: 18
2022-05-27 11:19:52,761:INFO:master_model_container: 18
2022-05-27 11:19:52,762:INFO:display_container: 6
2022-05-27 11:19:52,775:INFO:RandomForestClassifier(bootstrap=True, ccp_alpha=0.0, class_weight={},
                       criterion='entropy', max_depth=8, max_features='log2',
                       max_leaf_nodes=None, max_samples=None,
                       min_impurity_decrease=0.0005, min_impurity_split=None,
                       min_samples_leaf=4, min_samples_split=7,
                       min_weight_fraction_leaf=0.0, n_estimators=240,
                       n_jobs=-1, oob_score=False, random_state=4971, verbose=0,
                       warm_start=False)
2022-05-27 11:19:52,776:INFO:create_model() succesfully completed......................................
2022-05-27 11:19:53,077:INFO:SubProcess create_model() end ==================================
2022-05-27 11:19:53,239:INFO:create_model_container: 18
2022-05-27 11:19:53,240:INFO:master_model_container: 18
2022-05-27 11:19:53,241:INFO:display_container: 6
2022-05-27 11:19:53,245:INFO:RandomForestClassifier(bootstrap=True, ccp_alpha=0.0, class_weight={},
                       criterion='entropy', max_depth=8, max_features='log2',
                       max_leaf_nodes=None, max_samples=None,
                       min_impurity_decrease=0.0005, min_impurity_split=None,
                       min_samples_leaf=4, min_samples_split=7,
                       min_weight_fraction_leaf=0.0, n_estimators=240,
                       n_jobs=-1, oob_score=False, random_state=4971, verbose=0,
                       warm_start=False)
2022-05-27 11:19:53,246:INFO:tune_model() succesfully completed......................................
2022-05-27 12:01:33,803:INFO:Initializing plot_model()
2022-05-27 12:01:33,803:INFO:plot_model(fold=None, use_train_data=False, verbose=True, is_in_evaluate=False, display=None, display_format=None, estimator=RandomForestClassifier(bootstrap=True, ccp_alpha=0.0, class_weight={},
                       criterion='entropy', max_depth=8, max_features='log2',
                       max_leaf_nodes=None, max_samples=None,
                       min_impurity_decrease=0.0005, min_impurity_split=None,
                       min_samples_leaf=4, min_samples_split=7,
                       min_weight_fraction_leaf=0.0, n_estimators=240,
                       n_jobs=-1, oob_score=False, random_state=4971, verbose=0,
                       warm_start=False), feature_name=None, fit_kwargs=None, groups=None, label=False, plot=auc, plot_kwargs=None, save=False, scale=1, system=True)
2022-05-27 12:01:33,820:INFO:Checking exceptions
2022-05-27 12:01:34,031:INFO:Preparing display monitor
2022-05-27 12:01:34,108:INFO:Preloading libraries
2022-05-27 12:01:34,448:INFO:Copying training dataset
2022-05-27 12:01:34,454:INFO:Copying test dataset
2022-05-27 12:01:34,458:INFO:Plot type: auc
2022-05-27 12:01:34,772:INFO:Initializing get_config()
2022-05-27 12:01:34,772:INFO:get_config(variable=prep_pipe)
2022-05-27 12:01:34,793:INFO:Global variable: prep_pipe returned as Pipeline(memory=None,
         steps=[('dtypes',
                 DataTypes_Auto_infer(categorical_features=[],
                                      display_types=True, features_todrop=[],
                                      id_columns=[],
                                      ml_usecase='classification',
                                      numerical_features=[],
                                      target='Label (Disease Yes/No)',
                                      time_features=[])),
                ('imputer',
                 Simple_Imputer(categorical_strategy='not_available',
                                fill_value_categorical=None,
                                fill_value_numerical=None...
                ('scaling', 'passthrough'), ('P_transform', 'passthrough'),
                ('binn', 'passthrough'), ('rem_outliers', 'passthrough'),
                ('cluster_all', 'passthrough'),
                ('dummy', Dummify(target='Label (Disease Yes/No)')),
                ('fix_perfect', Remove_100(target='Label (Disease Yes/No)')),
                ('clean_names', Clean_Colum_Names()),
                ('feature_select', 'passthrough'), ('fix_multi', 'passthrough'),
                ('dfs', 'passthrough'), ('pca', 'passthrough')],
         verbose=False)
2022-05-27 12:01:34,793:INFO:get_config() succesfully completed......................................
2022-05-27 12:01:34,802:INFO:Fitting Model
2022-05-27 12:01:34,804:INFO:Scoring test/hold-out set
2022-05-27 12:01:36,694:INFO:Visual Rendered Successfully
2022-05-27 12:01:37,116:INFO:plot_model() succesfully completed......................................
2022-05-27 12:01:58,718:INFO:Initializing plot_model()
2022-05-27 12:01:58,718:INFO:plot_model(fold=None, use_train_data=False, verbose=True, is_in_evaluate=False, display=None, display_format=None, estimator=RandomForestClassifier(bootstrap=True, ccp_alpha=0.0, class_weight={},
                       criterion='entropy', max_depth=8, max_features='log2',
                       max_leaf_nodes=None, max_samples=None,
                       min_impurity_decrease=0.0005, min_impurity_split=None,
                       min_samples_leaf=4, min_samples_split=7,
                       min_weight_fraction_leaf=0.0, n_estimators=240,
                       n_jobs=-1, oob_score=False, random_state=4971, verbose=0,
                       warm_start=False), feature_name=None, fit_kwargs=None, groups=None, label=False, plot=pr, plot_kwargs=None, save=False, scale=1, system=True)
2022-05-27 12:01:58,719:INFO:Checking exceptions
2022-05-27 12:01:58,851:INFO:Preparing display monitor
2022-05-27 12:01:58,881:INFO:Preloading libraries
2022-05-27 12:01:59,031:INFO:Copying training dataset
2022-05-27 12:01:59,033:INFO:Copying test dataset
2022-05-27 12:01:59,035:INFO:Plot type: pr
2022-05-27 12:01:59,347:INFO:Fitting Model
2022-05-27 12:01:59,351:INFO:Scoring test/hold-out set
2022-05-27 12:02:02,222:INFO:Visual Rendered Successfully
2022-05-27 12:02:02,429:INFO:plot_model() succesfully completed......................................
2022-05-27 12:02:57,684:INFO:Initializing plot_model()
2022-05-27 12:02:57,684:INFO:plot_model(fold=None, use_train_data=False, verbose=True, is_in_evaluate=False, display=None, display_format=None, estimator=RandomForestClassifier(bootstrap=True, ccp_alpha=0.0, class_weight={},
                       criterion='entropy', max_depth=8, max_features='log2',
                       max_leaf_nodes=None, max_samples=None,
                       min_impurity_decrease=0.0005, min_impurity_split=None,
                       min_samples_leaf=4, min_samples_split=7,
                       min_weight_fraction_leaf=0.0, n_estimators=240,
                       n_jobs=-1, oob_score=False, random_state=4971, verbose=0,
                       warm_start=False), feature_name=None, fit_kwargs=None, groups=None, label=False, plot=feature, plot_kwargs=None, save=False, scale=1, system=True)
2022-05-27 12:02:57,685:INFO:Checking exceptions
2022-05-27 12:02:57,836:INFO:Preparing display monitor
2022-05-27 12:02:57,877:INFO:Preloading libraries
2022-05-27 12:02:58,002:INFO:Copying training dataset
2022-05-27 12:02:58,005:INFO:Copying test dataset
2022-05-27 12:02:58,006:INFO:Plot type: feature
2022-05-27 12:02:58,335:WARNING:No coef_ found. Trying feature_importances_
2022-05-27 12:02:59,318:INFO:Visual Rendered Successfully
2022-05-27 12:02:59,533:INFO:plot_model() succesfully completed......................................
2022-05-27 12:03:33,306:INFO:Initializing plot_model()
2022-05-27 12:03:33,307:INFO:plot_model(fold=None, use_train_data=False, verbose=True, is_in_evaluate=False, display=None, display_format=None, estimator=RandomForestClassifier(bootstrap=True, ccp_alpha=0.0, class_weight={},
                       criterion='entropy', max_depth=8, max_features='log2',
                       max_leaf_nodes=None, max_samples=None,
                       min_impurity_decrease=0.0005, min_impurity_split=None,
                       min_samples_leaf=4, min_samples_split=7,
                       min_weight_fraction_leaf=0.0, n_estimators=240,
                       n_jobs=-1, oob_score=False, random_state=4971, verbose=0,
                       warm_start=False), feature_name=None, fit_kwargs=None, groups=None, label=False, plot=confusion_matrix, plot_kwargs=None, save=False, scale=1, system=True)
2022-05-27 12:03:33,307:INFO:Checking exceptions
2022-05-27 12:03:33,441:INFO:Preparing display monitor
2022-05-27 12:03:33,469:INFO:Preloading libraries
2022-05-27 12:03:33,645:INFO:Copying training dataset
2022-05-27 12:03:33,647:INFO:Copying test dataset
2022-05-27 12:03:33,648:INFO:Plot type: confusion_matrix
2022-05-27 12:03:33,941:INFO:Initializing get_config()
2022-05-27 12:03:33,941:INFO:get_config(variable=prep_pipe)
2022-05-27 12:03:33,950:INFO:Global variable: prep_pipe returned as Pipeline(memory=None,
         steps=[('dtypes',
                 DataTypes_Auto_infer(categorical_features=[],
                                      display_types=True, features_todrop=[],
                                      id_columns=[],
                                      ml_usecase='classification',
                                      numerical_features=[],
                                      target='Label (Disease Yes/No)',
                                      time_features=[])),
                ('imputer',
                 Simple_Imputer(categorical_strategy='not_available',
                                fill_value_categorical=None,
                                fill_value_numerical=None...
                ('scaling', 'passthrough'), ('P_transform', 'passthrough'),
                ('binn', 'passthrough'), ('rem_outliers', 'passthrough'),
                ('cluster_all', 'passthrough'),
                ('dummy', Dummify(target='Label (Disease Yes/No)')),
                ('fix_perfect', Remove_100(target='Label (Disease Yes/No)')),
                ('clean_names', Clean_Colum_Names()),
                ('feature_select', 'passthrough'), ('fix_multi', 'passthrough'),
                ('dfs', 'passthrough'), ('pca', 'passthrough')],
         verbose=False)
2022-05-27 12:03:33,950:INFO:get_config() succesfully completed......................................
2022-05-27 12:03:33,950:INFO:Fitting Model
2022-05-27 12:03:33,950:INFO:Scoring test/hold-out set
2022-05-27 12:03:36,228:INFO:Visual Rendered Successfully
2022-05-27 12:03:36,438:INFO:plot_model() succesfully completed......................................
2022-05-27 12:03:49,549:INFO:Initializing evaluate_model()
2022-05-27 12:03:49,550:INFO:evaluate_model(estimator=RandomForestClassifier(bootstrap=True, ccp_alpha=0.0, class_weight={},
                       criterion='entropy', max_depth=8, max_features='log2',
                       max_leaf_nodes=None, max_samples=None,
                       min_impurity_decrease=0.0005, min_impurity_split=None,
                       min_samples_leaf=4, min_samples_split=7,
                       min_weight_fraction_leaf=0.0, n_estimators=240,
                       n_jobs=-1, oob_score=False, random_state=4971, verbose=0,
                       warm_start=False), fold=None, fit_kwargs=None, plot_kwargs=None, feature_name=None, groups=None, use_train_data=False)
2022-05-27 12:03:49,675:INFO:Initializing plot_model()
2022-05-27 12:03:49,676:INFO:plot_model(fold=StratifiedKFold(n_splits=10, random_state=None, shuffle=False), use_train_data=False, verbose=True, is_in_evaluate=True, display=None, display_format=None, estimator=RandomForestClassifier(bootstrap=True, ccp_alpha=0.0, class_weight={},
                       criterion='entropy', max_depth=8, max_features='log2',
                       max_leaf_nodes=None, max_samples=None,
                       min_impurity_decrease=0.0005, min_impurity_split=None,
                       min_samples_leaf=4, min_samples_split=7,
                       min_weight_fraction_leaf=0.0, n_estimators=240,
                       n_jobs=-1, oob_score=False, random_state=4971, verbose=0,
                       warm_start=False), feature_name=None, fit_kwargs={}, groups=None, label=False, plot=parameter, plot_kwargs={}, save=False, scale=1, system=True)
2022-05-27 12:03:49,677:INFO:Checking exceptions
2022-05-27 12:03:49,806:INFO:Preparing display monitor
2022-05-27 12:03:49,867:INFO:Preloading libraries
2022-05-27 12:03:50,044:INFO:Copying training dataset
2022-05-27 12:03:50,047:INFO:Copying test dataset
2022-05-27 12:03:50,049:INFO:Plot type: parameter
2022-05-27 12:03:50,401:INFO:Visual Rendered Successfully
2022-05-27 12:03:50,623:INFO:plot_model() succesfully completed......................................
2022-05-27 12:03:56,672:INFO:Initializing plot_model()
2022-05-27 12:03:56,673:INFO:plot_model(fold=StratifiedKFold(n_splits=10, random_state=None, shuffle=False), use_train_data=False, verbose=True, is_in_evaluate=True, display=None, display_format=None, estimator=RandomForestClassifier(bootstrap=True, ccp_alpha=0.0, class_weight={},
                       criterion='entropy', max_depth=8, max_features='log2',
                       max_leaf_nodes=None, max_samples=None,
                       min_impurity_decrease=0.0005, min_impurity_split=None,
                       min_samples_leaf=4, min_samples_split=7,
                       min_weight_fraction_leaf=0.0, n_estimators=240,
                       n_jobs=-1, oob_score=False, random_state=4971, verbose=0,
                       warm_start=False), feature_name=None, fit_kwargs={}, groups=None, label=False, plot=auc, plot_kwargs={}, save=False, scale=1, system=True)
2022-05-27 12:03:56,674:INFO:Checking exceptions
2022-05-27 12:03:56,795:INFO:Preparing display monitor
2022-05-27 12:03:56,810:INFO:Preloading libraries
2022-05-27 12:03:56,946:INFO:Copying training dataset
2022-05-27 12:03:56,946:INFO:Copying test dataset
2022-05-27 12:03:56,946:INFO:Plot type: auc
2022-05-27 12:03:57,154:INFO:Initializing get_config()
2022-05-27 12:03:57,154:INFO:get_config(variable=prep_pipe)
2022-05-27 12:03:57,170:INFO:Global variable: prep_pipe returned as Pipeline(memory=None,
         steps=[('dtypes',
                 DataTypes_Auto_infer(categorical_features=[],
                                      display_types=True, features_todrop=[],
                                      id_columns=[],
                                      ml_usecase='classification',
                                      numerical_features=[],
                                      target='Label (Disease Yes/No)',
                                      time_features=[])),
                ('imputer',
                 Simple_Imputer(categorical_strategy='not_available',
                                fill_value_categorical=None,
                                fill_value_numerical=None...
                ('scaling', 'passthrough'), ('P_transform', 'passthrough'),
                ('binn', 'passthrough'), ('rem_outliers', 'passthrough'),
                ('cluster_all', 'passthrough'),
                ('dummy', Dummify(target='Label (Disease Yes/No)')),
                ('fix_perfect', Remove_100(target='Label (Disease Yes/No)')),
                ('clean_names', Clean_Colum_Names()),
                ('feature_select', 'passthrough'), ('fix_multi', 'passthrough'),
                ('dfs', 'passthrough'), ('pca', 'passthrough')],
         verbose=False)
2022-05-27 12:03:57,170:INFO:get_config() succesfully completed......................................
2022-05-27 12:03:57,170:INFO:Fitting Model
2022-05-27 12:03:57,185:INFO:Scoring test/hold-out set
2022-05-27 12:03:59,013:INFO:Visual Rendered Successfully
2022-05-27 12:03:59,204:INFO:plot_model() succesfully completed......................................
2022-05-27 12:04:00,684:INFO:Initializing plot_model()
2022-05-27 12:04:00,685:INFO:plot_model(fold=StratifiedKFold(n_splits=10, random_state=None, shuffle=False), use_train_data=False, verbose=True, is_in_evaluate=True, display=None, display_format=None, estimator=RandomForestClassifier(bootstrap=True, ccp_alpha=0.0, class_weight={},
                       criterion='entropy', max_depth=8, max_features='log2',
                       max_leaf_nodes=None, max_samples=None,
                       min_impurity_decrease=0.0005, min_impurity_split=None,
                       min_samples_leaf=4, min_samples_split=7,
                       min_weight_fraction_leaf=0.0, n_estimators=240,
                       n_jobs=-1, oob_score=False, random_state=4971, verbose=0,
                       warm_start=False), feature_name=None, fit_kwargs={}, groups=None, label=False, plot=confusion_matrix, plot_kwargs={}, save=False, scale=1, system=True)
2022-05-27 12:04:00,686:INFO:Checking exceptions
2022-05-27 12:04:00,799:INFO:Preparing display monitor
2022-05-27 12:04:00,815:INFO:Preloading libraries
2022-05-27 12:04:00,933:INFO:Copying training dataset
2022-05-27 12:04:00,933:INFO:Copying test dataset
2022-05-27 12:04:00,933:INFO:Plot type: confusion_matrix
2022-05-27 12:04:01,157:INFO:Initializing get_config()
2022-05-27 12:04:01,157:INFO:get_config(variable=prep_pipe)
2022-05-27 12:04:01,173:INFO:Global variable: prep_pipe returned as Pipeline(memory=None,
         steps=[('dtypes',
                 DataTypes_Auto_infer(categorical_features=[],
                                      display_types=True, features_todrop=[],
                                      id_columns=[],
                                      ml_usecase='classification',
                                      numerical_features=[],
                                      target='Label (Disease Yes/No)',
                                      time_features=[])),
                ('imputer',
                 Simple_Imputer(categorical_strategy='not_available',
                                fill_value_categorical=None,
                                fill_value_numerical=None...
                ('scaling', 'passthrough'), ('P_transform', 'passthrough'),
                ('binn', 'passthrough'), ('rem_outliers', 'passthrough'),
                ('cluster_all', 'passthrough'),
                ('dummy', Dummify(target='Label (Disease Yes/No)')),
                ('fix_perfect', Remove_100(target='Label (Disease Yes/No)')),
                ('clean_names', Clean_Colum_Names()),
                ('feature_select', 'passthrough'), ('fix_multi', 'passthrough'),
                ('dfs', 'passthrough'), ('pca', 'passthrough')],
         verbose=False)
2022-05-27 12:04:01,173:INFO:get_config() succesfully completed......................................
2022-05-27 12:04:01,173:INFO:Fitting Model
2022-05-27 12:04:01,173:INFO:Scoring test/hold-out set
2022-05-27 12:04:02,374:INFO:Visual Rendered Successfully
2022-05-27 12:04:02,599:INFO:plot_model() succesfully completed......................................
2022-05-27 12:04:03,900:INFO:Initializing plot_model()
2022-05-27 12:04:03,901:INFO:plot_model(fold=StratifiedKFold(n_splits=10, random_state=None, shuffle=False), use_train_data=False, verbose=True, is_in_evaluate=True, display=None, display_format=None, estimator=RandomForestClassifier(bootstrap=True, ccp_alpha=0.0, class_weight={},
                       criterion='entropy', max_depth=8, max_features='log2',
                       max_leaf_nodes=None, max_samples=None,
                       min_impurity_decrease=0.0005, min_impurity_split=None,
                       min_samples_leaf=4, min_samples_split=7,
                       min_weight_fraction_leaf=0.0, n_estimators=240,
                       n_jobs=-1, oob_score=False, random_state=4971, verbose=0,
                       warm_start=False), feature_name=None, fit_kwargs={}, groups=None, label=False, plot=threshold, plot_kwargs={}, save=False, scale=1, system=True)
2022-05-27 12:04:03,902:INFO:Checking exceptions
2022-05-27 12:04:04,019:INFO:Preparing display monitor
2022-05-27 12:04:04,035:INFO:Preloading libraries
2022-05-27 12:04:04,163:INFO:Copying training dataset
2022-05-27 12:04:04,165:INFO:Copying test dataset
2022-05-27 12:04:04,166:INFO:Plot type: threshold
2022-05-27 12:04:04,362:INFO:Fitting Model
2022-05-27 12:04:46,369:INFO:Initializing plot_model()
2022-05-27 12:04:46,372:INFO:plot_model(fold=StratifiedKFold(n_splits=10, random_state=None, shuffle=False), use_train_data=False, verbose=True, is_in_evaluate=True, display=None, display_format=None, estimator=RandomForestClassifier(bootstrap=True, ccp_alpha=0.0, class_weight={},
                       criterion='entropy', max_depth=8, max_features='log2',
                       max_leaf_nodes=None, max_samples=None,
                       min_impurity_decrease=0.0005, min_impurity_split=None,
                       min_samples_leaf=4, min_samples_split=7,
                       min_weight_fraction_leaf=0.0, n_estimators=240,
                       n_jobs=-1, oob_score=False, random_state=4971, verbose=0,
                       warm_start=False), feature_name=None, fit_kwargs={}, groups=None, label=False, plot=pr, plot_kwargs={}, save=False, scale=1, system=True)
2022-05-27 12:04:46,373:INFO:Checking exceptions
2022-05-27 12:04:46,558:INFO:Preparing display monitor
2022-05-27 12:04:46,611:INFO:Preloading libraries
2022-05-27 12:04:46,832:INFO:Copying training dataset
2022-05-27 12:04:46,834:INFO:Copying test dataset
2022-05-27 12:04:46,836:INFO:Plot type: pr
2022-05-27 12:04:47,080:INFO:Fitting Model
2022-05-27 12:04:47,084:INFO:Scoring test/hold-out set
2022-05-27 12:04:48,501:INFO:Visual Rendered Successfully
2022-05-27 12:04:48,720:INFO:plot_model() succesfully completed......................................
2022-05-27 12:04:48,777:INFO:Initializing plot_model()
2022-05-27 12:04:48,778:INFO:plot_model(fold=StratifiedKFold(n_splits=10, random_state=None, shuffle=False), use_train_data=False, verbose=True, is_in_evaluate=True, display=None, display_format=None, estimator=RandomForestClassifier(bootstrap=True, ccp_alpha=0.0, class_weight={},
                       criterion='entropy', max_depth=8, max_features='log2',
                       max_leaf_nodes=None, max_samples=None,
                       min_impurity_decrease=0.0005, min_impurity_split=None,
                       min_samples_leaf=4, min_samples_split=7,
                       min_weight_fraction_leaf=0.0, n_estimators=240,
                       n_jobs=-1, oob_score=False, random_state=4971, verbose=0,
                       warm_start=False), feature_name=None, fit_kwargs={}, groups=None, label=False, plot=threshold, plot_kwargs={}, save=False, scale=1, system=True)
2022-05-27 12:04:48,779:INFO:Checking exceptions
2022-05-27 12:04:48,883:INFO:Preparing display monitor
2022-05-27 12:04:48,909:INFO:Preloading libraries
2022-05-27 12:04:49,028:INFO:Copying training dataset
2022-05-27 12:04:49,030:INFO:Copying test dataset
2022-05-27 12:04:49,031:INFO:Plot type: threshold
2022-05-27 12:04:49,260:INFO:Fitting Model
2022-05-27 12:04:54,773:INFO:Initializing predict_model()
2022-05-27 12:04:54,774:INFO:predict_model(estimator=RandomForestClassifier(bootstrap=True, ccp_alpha=0.0, class_weight={},
                       criterion='entropy', max_depth=8, max_features='log2',
                       max_leaf_nodes=None, max_samples=None,
                       min_impurity_decrease=0.0005, min_impurity_split=None,
                       min_samples_leaf=4, min_samples_split=7,
                       min_weight_fraction_leaf=0.0, n_estimators=240,
                       n_jobs=-1, oob_score=False, random_state=4971, verbose=0,
                       warm_start=False), probability_threshold=None, encoded_labels=False, drift_report=False, raw_score=False, round=4, verbose=True, ml_usecase=MLUsecase.CLASSIFICATION, display=None, drift_kwargs=None)
2022-05-27 12:04:54,774:INFO:Checking exceptions
2022-05-27 12:04:54,776:INFO:Preloading libraries
2022-05-27 12:04:54,780:INFO:Preparing display monitor
2022-05-27 12:04:57,356:INFO:Initializing plot_model()
2022-05-27 12:04:57,357:INFO:plot_model(fold=StratifiedKFold(n_splits=10, random_state=None, shuffle=False), use_train_data=False, verbose=True, is_in_evaluate=True, display=None, display_format=None, estimator=RandomForestClassifier(bootstrap=True, ccp_alpha=0.0, class_weight={},
                       criterion='entropy', max_depth=8, max_features='log2',
                       max_leaf_nodes=None, max_samples=None,
                       min_impurity_decrease=0.0005, min_impurity_split=None,
                       min_samples_leaf=4, min_samples_split=7,
                       min_weight_fraction_leaf=0.0, n_estimators=240,
                       n_jobs=-1, oob_score=False, random_state=4971, verbose=0,
                       warm_start=False), feature_name=None, fit_kwargs={}, groups=None, label=False, plot=parameter, plot_kwargs={}, save=False, scale=1, system=True)
2022-05-27 12:04:57,358:INFO:Checking exceptions
2022-05-27 12:04:57,499:INFO:Preparing display monitor
2022-05-27 12:04:57,535:INFO:Preloading libraries
2022-05-27 12:04:57,696:INFO:Copying training dataset
2022-05-27 12:04:57,697:INFO:Copying test dataset
2022-05-27 12:04:57,699:INFO:Plot type: parameter
2022-05-27 12:04:58,006:INFO:Visual Rendered Successfully
2022-05-27 12:04:58,247:INFO:plot_model() succesfully completed......................................
2022-05-27 12:09:48,728:INFO:Initializing save_model()
2022-05-27 12:09:48,729:INFO:save_model(model=RandomForestClassifier(bootstrap=True, ccp_alpha=0.0, class_weight={},
                       criterion='entropy', max_depth=8, max_features='log2',
                       max_leaf_nodes=None, max_samples=None,
                       min_impurity_decrease=0.0005, min_impurity_split=None,
                       min_samples_leaf=4, min_samples_split=7,
                       min_weight_fraction_leaf=0.0, n_estimators=240,
                       n_jobs=-1, oob_score=False, random_state=4971, verbose=0,
                       warm_start=False), model_name=Final RF Model 11Nov2020, prep_pipe_=Pipeline(memory=None,
         steps=[('dtypes',
                 DataTypes_Auto_infer(categorical_features=[],
                                      display_types=True, features_todrop=[],
                                      id_columns=[],
                                      ml_usecase='classification',
                                      numerical_features=[],
                                      target='Label (Disease Yes/No)',
                                      time_features=[])),
                ('imputer',
                 Simple_Imputer(categorical_strategy='not_available',
                                fill_value_categorical=None,
                                fill_value_numerical=None...
                ('scaling', 'passthrough'), ('P_transform', 'passthrough'),
                ('binn', 'passthrough'), ('rem_outliers', 'passthrough'),
                ('cluster_all', 'passthrough'),
                ('dummy', Dummify(target='Label (Disease Yes/No)')),
                ('fix_perfect', Remove_100(target='Label (Disease Yes/No)')),
                ('clean_names', Clean_Colum_Names()),
                ('feature_select', 'passthrough'), ('fix_multi', 'passthrough'),
                ('dfs', 'passthrough'), ('pca', 'passthrough')],
         verbose=False), verbose=True, kwargs={})
2022-05-27 12:09:48,729:INFO:Adding model into prep_pipe
2022-05-27 12:09:49,286:INFO:Final RF Model 11Nov2020.pkl saved in current working directory
2022-05-27 12:09:49,302:INFO:Pipeline(memory=None,
         steps=[('dtypes',
                 DataTypes_Auto_infer(categorical_features=[],
                                      display_types=True, features_todrop=[],
                                      id_columns=[],
                                      ml_usecase='classification',
                                      numerical_features=[],
                                      target='Label (Disease Yes/No)',
                                      time_features=[])),
                ('imputer',
                 Simple_Imputer(categorical_strategy='not_available',
                                fill_value_categorical=None,
                                fill_value_numerical=None...
                 RandomForestClassifier(bootstrap=True, ccp_alpha=0.0,
                                        class_weight={}, criterion='entropy',
                                        max_depth=8, max_features='log2',
                                        max_leaf_nodes=None, max_samples=None,
                                        min_impurity_decrease=0.0005,
                                        min_impurity_split=None,
                                        min_samples_leaf=4, min_samples_split=7,
                                        min_weight_fraction_leaf=0.0,
                                        n_estimators=240, n_jobs=-1,
                                        oob_score=False, random_state=4971,
                                        verbose=0, warm_start=False)]],
         verbose=False)
2022-05-27 12:09:49,302:INFO:save_model() successfully completed......................................
2022-05-27 12:24:02,266:INFO:PyCaret Supervised Module
2022-05-27 12:24:02,266:INFO:ML Usecase: classification
2022-05-27 12:24:02,266:INFO:version 2.3.10
2022-05-27 12:24:02,266:INFO:Initializing setup()
2022-05-27 12:24:02,266:INFO:setup(target=['Type of Disease (Bacterial Blight/Telya)', 'Anthracnose', 'Fruit Spot/ Rot', 'Fusarium Wilt', 'Fruit Borer / Blight Blora'], ml_usecase=classification, available_plots={'parameter': 'Hyperparameters', 'auc': 'AUC', 'confusion_matrix': 'Confusion Matrix', 'threshold': 'Threshold', 'pr': 'Precision Recall', 'error': 'Prediction Error', 'class_report': 'Class Report', 'rfe': 'Feature Selection', 'learning': 'Learning Curve', 'manifold': 'Manifold Learning', 'calibration': 'Calibration Curve', 'vc': 'Validation Curve', 'dimension': 'Dimensions', 'feature': 'Feature Importance', 'feature_all': 'Feature Importance (All)', 'boundary': 'Decision Boundary', 'lift': 'Lift Chart', 'gain': 'Gain Chart', 'tree': 'Decision Tree', 'ks': 'KS Statistic Plot'}, train_size=0.7, test_data=None, preprocess=True, imputation_type=simple, iterative_imputation_iters=5, categorical_features=None, categorical_imputation=constant, categorical_iterative_imputer=lightgbm, ordinal_features=None, high_cardinality_features=None, high_cardinality_method=frequency, numeric_features=None, numeric_imputation=mean, numeric_iterative_imputer=lightgbm, date_features=None, ignore_features=None, normalize=False, normalize_method=zscore, transformation=False, transformation_method=yeo-johnson, handle_unknown_categorical=True, unknown_categorical_method=least_frequent, pca=False, pca_method=linear, pca_components=None, ignore_low_variance=False, combine_rare_levels=False, rare_level_threshold=0.1, bin_numeric_features=None, remove_outliers=False, outliers_threshold=0.05, remove_multicollinearity=False, multicollinearity_threshold=0.9, remove_perfect_collinearity=True, create_clusters=False, cluster_iter=20, polynomial_features=False, polynomial_degree=2, trigonometry_features=False, polynomial_threshold=0.1, group_features=None, group_names=None, feature_selection=False, feature_selection_threshold=0.8, feature_selection_method=classic, feature_interaction=False, feature_ratio=False, interaction_threshold=0.01, fix_imbalance=False, fix_imbalance_method=None, transform_target=False, transform_target_method=box-cox, data_split_shuffle=True, data_split_stratify=False, fold_strategy=stratifiedkfold, fold=10, fold_shuffle=False, fold_groups=None, n_jobs=-1, use_gpu=False, custom_pipeline=None, html=True, session_id=None, log_experiment=False, experiment_name=None, experiment_custom_tags=None, log_plots=False, log_profile=False, log_data=False, silent=False, verbose=True, profile=False, profile_kwargs=None, display=None)
2022-05-27 12:24:02,266:INFO:Checking environment
2022-05-27 12:24:02,266:INFO:python_version: 3.8.10
2022-05-27 12:24:02,266:INFO:python_build: ('tags/v3.8.10:3d8993a', 'May  3 2021 11:48:03')
2022-05-27 12:24:02,266:INFO:machine: AMD64
2022-05-27 12:24:02,266:INFO:platform: Windows-10-10.0.19044-SP0
2022-05-27 12:24:02,266:INFO:Memory: svmem(total=8503504896, available=2702131200, percent=68.2, used=5801373696, free=2702131200)
2022-05-27 12:24:02,266:INFO:Physical Core: 2
2022-05-27 12:24:02,266:INFO:Logical Core: 4
2022-05-27 12:24:02,266:INFO:Checking libraries
2022-05-27 12:24:02,266:INFO:pd==1.4.2
2022-05-27 12:24:02,266:INFO:numpy==1.19.5
2022-05-27 12:24:02,266:INFO:sklearn==0.23.2
2022-05-27 12:24:02,266:INFO:lightgbm==3.3.2
2022-05-27 12:24:02,282:WARNING:catboost not found
2022-05-27 12:24:02,282:WARNING:xgboost not found
2022-05-27 12:24:02,282:INFO:mlflow==1.26.0
2022-05-27 12:24:02,282:INFO:Checking Exceptions
2022-05-27 12:24:42,204:INFO:PyCaret Supervised Module
2022-05-27 12:24:42,205:INFO:ML Usecase: classification
2022-05-27 12:24:42,205:INFO:version 2.3.10
2022-05-27 12:24:42,206:INFO:Initializing setup()
2022-05-27 12:24:42,206:INFO:setup(target=['Type of Disease (Bacterial Blight/Telya)', 'Anthracnose', 'Fruit Spot/ Rot', 'Fusarium Wilt', 'Fruit Borer / Blight Blora'], ml_usecase=classification, available_plots={'parameter': 'Hyperparameters', 'auc': 'AUC', 'confusion_matrix': 'Confusion Matrix', 'threshold': 'Threshold', 'pr': 'Precision Recall', 'error': 'Prediction Error', 'class_report': 'Class Report', 'rfe': 'Feature Selection', 'learning': 'Learning Curve', 'manifold': 'Manifold Learning', 'calibration': 'Calibration Curve', 'vc': 'Validation Curve', 'dimension': 'Dimensions', 'feature': 'Feature Importance', 'feature_all': 'Feature Importance (All)', 'boundary': 'Decision Boundary', 'lift': 'Lift Chart', 'gain': 'Gain Chart', 'tree': 'Decision Tree', 'ks': 'KS Statistic Plot'}, train_size=0.7, test_data=None, preprocess=True, imputation_type=simple, iterative_imputation_iters=5, categorical_features=None, categorical_imputation=constant, categorical_iterative_imputer=lightgbm, ordinal_features=None, high_cardinality_features=None, high_cardinality_method=frequency, numeric_features=None, numeric_imputation=mean, numeric_iterative_imputer=lightgbm, date_features=None, ignore_features=None, normalize=False, normalize_method=zscore, transformation=False, transformation_method=yeo-johnson, handle_unknown_categorical=True, unknown_categorical_method=least_frequent, pca=False, pca_method=linear, pca_components=None, ignore_low_variance=False, combine_rare_levels=False, rare_level_threshold=0.1, bin_numeric_features=None, remove_outliers=False, outliers_threshold=0.05, remove_multicollinearity=False, multicollinearity_threshold=0.9, remove_perfect_collinearity=True, create_clusters=False, cluster_iter=20, polynomial_features=False, polynomial_degree=2, trigonometry_features=False, polynomial_threshold=0.1, group_features=None, group_names=None, feature_selection=False, feature_selection_threshold=0.8, feature_selection_method=classic, feature_interaction=False, feature_ratio=False, interaction_threshold=0.01, fix_imbalance=False, fix_imbalance_method=None, transform_target=False, transform_target_method=box-cox, data_split_shuffle=True, data_split_stratify=False, fold_strategy=stratifiedkfold, fold=10, fold_shuffle=False, fold_groups=None, n_jobs=-1, use_gpu=False, custom_pipeline=None, html=True, session_id=None, log_experiment=False, experiment_name=None, experiment_custom_tags=None, log_plots=False, log_profile=False, log_data=False, silent=False, verbose=True, profile=False, profile_kwargs=None, display=None)
2022-05-27 12:24:42,207:INFO:Checking environment
2022-05-27 12:24:42,208:INFO:python_version: 3.8.10
2022-05-27 12:24:42,208:INFO:python_build: ('tags/v3.8.10:3d8993a', 'May  3 2021 11:48:03')
2022-05-27 12:24:42,209:INFO:machine: AMD64
2022-05-27 12:24:42,209:INFO:platform: Windows-10-10.0.19044-SP0
2022-05-27 12:24:42,210:INFO:Memory: svmem(total=8503504896, available=2630426624, percent=69.1, used=5873078272, free=2630426624)
2022-05-27 12:24:42,210:INFO:Physical Core: 2
2022-05-27 12:24:42,211:INFO:Logical Core: 4
2022-05-27 12:24:42,211:INFO:Checking libraries
2022-05-27 12:24:42,212:INFO:pd==1.4.2
2022-05-27 12:24:42,212:INFO:numpy==1.19.5
2022-05-27 12:24:42,213:INFO:sklearn==0.23.2
2022-05-27 12:24:42,214:INFO:lightgbm==3.3.2
2022-05-27 12:24:42,220:WARNING:catboost not found
2022-05-27 12:24:42,227:WARNING:xgboost not found
2022-05-27 12:24:42,227:INFO:mlflow==1.26.0
2022-05-27 12:24:42,228:INFO:Checking Exceptions
