2022-06-02 00:23:03,712 D:\test\Basic_Python\Django\mysite1\myApp1\views.py changed, reloading.
2022-06-02 00:23:19,543 Symbol : AAPL 
2022-06-02 00:24:57,623 Symbol : qweqwe 
2022-06-02 00:26:30,587 D:\test\Basic_Python\Django\mysite1\myApp1\views.py changed, reloading.
2022-06-02 00:26:44,000 Symbol : qweqwe 
2022-06-02 00:27:28,280 D:\test\Basic_Python\Django\mysite1\myApp1\views.py changed, reloading.
2022-06-02 00:28:23,448 Symbol : AAPL 
2022-06-02 00:28:31,886 Symbol : qweqwe 
2022-06-02 00:29:21,115 D:\test\Basic_Python\Django\mysite1\myApp1\views.py changed, reloading.
2022-06-02 00:29:27,383 Symbol : qweqwe 
2022-06-02 00:30:32,393 D:\test\Basic_Python\Django\mysite1\myApp1\views.py changed, reloading.
2022-06-02 00:30:38,101 Symbol : qweqwe 
2022-06-02 00:31:31,899 D:\test\Basic_Python\Django\mysite1\myApp1\views.py changed, reloading.
2022-06-02 00:31:41,197 Symbol : qweqwe 
2022-06-02 00:32:21,975 D:\test\Basic_Python\Django\mysite1\myApp1\views.py changed, reloading.
2022-06-02 00:32:27,224 Symbol : qweqwe 
2022-06-02 00:44:19,737 D:\test\Basic_Python\Django\mysite1\myApp1\views.py changed, reloading.
2022-06-02 00:47:36,885 D:\test\Basic_Python\Django\mysite1\myApp1\views.py changed, reloading.
2022-06-02 00:50:48,553 Symbol : AAPL 
2022-06-02 00:51:14,415 Symbol : qweqwe 
2022-06-02 00:51:48,754 Symbol : AAPL 
2022-06-02 00:52:24,685 Symbol : AAPL 
2022-06-02 00:52:51,533 Symbol : AAPL 
2022-06-02 00:54:05,006 D:\test\Basic_Python\Django\mysite1\myApp1\views.py changed, reloading.
2022-06-02 00:54:16,413 Symbol : qweqwe 
2022-06-02 00:54:23,854 Symbol : AAPL 
2022-06-02 01:01:18,210 D:\test\Basic_Python\Django\mysite1\myApp1\views.py changed, reloading.
2022-06-02 01:02:26,720 Symbol : AAPL 
2022-06-02 01:03:56,004 Symbol : AAPL 
2022-06-02 01:05:24,109 Symbol : AAPL 
2022-06-02 01:06:38,667 Symbol : AAPL 
2022-06-02 01:11:04,062 Symbol : AAPL 
2022-06-02 01:11:42,815 Symbol : AAPL 
2022-06-02 01:12:30,423 Symbol : AAPL 
2022-06-02 01:14:00,784 D:\test\Basic_Python\Django\mysite1\myApp1\views.py changed, reloading.
2022-06-02 01:14:48,490 D:\test\Basic_Python\Django\mysite1\myApp1\views.py changed, reloading.
2022-06-02 01:24:02,466 Symbol : AAPL 
2022-06-02 01:24:05,542 Internal Server Error: /
Traceback (most recent call last):
  File "D:\test\Basic_Python\Django\venv\lib\site-packages\django\core\handlers\exception.py", line 47, in inner
    response = get_response(request)
  File "D:\test\Basic_Python\Django\venv\lib\site-packages\django\core\handlers\base.py", line 181, in _get_response
    response = wrapped_callback(request, *callback_args, **callback_kwargs)
  File "D:\test\Basic_Python\Django\mysite1\myApp1\views.py", line 51, in indexPage
    return render(request, 'index.html', context)
  File "D:\test\Basic_Python\Django\venv\lib\site-packages\django\shortcuts.py", line 19, in render
    content = loader.render_to_string(template_name, context, request, using=using)
  File "D:\test\Basic_Python\Django\venv\lib\site-packages\django\template\loader.py", line 61, in render_to_string
    template = get_template(template_name, using=using)
  File "D:\test\Basic_Python\Django\venv\lib\site-packages\django\template\loader.py", line 15, in get_template
    return engine.get_template(template_name)
  File "D:\test\Basic_Python\Django\venv\lib\site-packages\django\template\backends\django.py", line 34, in get_template
    return Template(self.engine.get_template(template_name), self)
  File "D:\test\Basic_Python\Django\venv\lib\site-packages\django\template\engine.py", line 143, in get_template
    template, origin = self.find_template(template_name)
  File "D:\test\Basic_Python\Django\venv\lib\site-packages\django\template\engine.py", line 125, in find_template
    template = loader.get_template(name, skip=skip)
  File "D:\test\Basic_Python\Django\venv\lib\site-packages\django\template\loaders\base.py", line 30, in get_template
    contents, origin, origin.template_name, self.engine,
  File "D:\test\Basic_Python\Django\venv\lib\site-packages\django\template\base.py", line 155, in __init__
    self.nodelist = self.compile_nodelist()
  File "D:\test\Basic_Python\Django\venv\lib\site-packages\django\template\base.py", line 193, in compile_nodelist
    return parser.parse()
  File "D:\test\Basic_Python\Django\venv\lib\site-packages\django\template\base.py", line 478, in parse
    raise self.error(token, e)
  File "D:\test\Basic_Python\Django\venv\lib\site-packages\django\template\base.py", line 476, in parse
    compiled_result = compile_func(self, token)
  File "D:\test\Basic_Python\Django\venv\lib\site-packages\django\template\loader_tags.py", line 278, in do_extends
    nodelist = parser.parse()
  File "D:\test\Basic_Python\Django\venv\lib\site-packages\django\template\base.py", line 478, in parse
    raise self.error(token, e)
  File "D:\test\Basic_Python\Django\venv\lib\site-packages\django\template\base.py", line 476, in parse
    compiled_result = compile_func(self, token)
  File "D:\test\Basic_Python\Django\venv\lib\site-packages\django\template\loader_tags.py", line 216, in do_block
    nodelist = parser.parse(('endblock',))
  File "D:\test\Basic_Python\Django\venv\lib\site-packages\django\template\base.py", line 478, in parse
    raise self.error(token, e)
  File "D:\test\Basic_Python\Django\venv\lib\site-packages\django\template\base.py", line 476, in parse
    compiled_result = compile_func(self, token)
  File "D:\test\Basic_Python\Django\venv\lib\site-packages\django\template\defaulttags.py", line 968, in do_if
    nodelist = parser.parse(('elif', 'else', 'endif'))
  File "D:\test\Basic_Python\Django\venv\lib\site-packages\django\template\base.py", line 478, in parse
    raise self.error(token, e)
  File "D:\test\Basic_Python\Django\venv\lib\site-packages\django\template\base.py", line 476, in parse
    compiled_result = compile_func(self, token)
  File "D:\test\Basic_Python\Django\venv\lib\site-packages\django\template\defaulttags.py", line 817, in do_for
    nodelist_loop = parser.parse(('empty', 'endfor',))
  File "D:\test\Basic_Python\Django\venv\lib\site-packages\django\template\base.py", line 449, in parse
    raise self.error(token, e)
  File "D:\test\Basic_Python\Django\venv\lib\site-packages\django\template\base.py", line 447, in parse
    filter_expression = self.compile_filter(token.contents)
  File "D:\test\Basic_Python\Django\venv\lib\site-packages\django\template\base.py", line 563, in compile_filter
    return FilterExpression(token, self)
  File "D:\test\Basic_Python\Django\venv\lib\site-packages\django\template\base.py", line 663, in __init__
    "from '%s'" % (token[upto:], token))
django.template.exceptions.TemplateSyntaxError: Could not parse the remainder: '%_change_price' from 'i.%_change_price'
2022-06-02 01:25:21,543 D:\test\Basic_Python\Django\mysite1\myApp1\views.py changed, reloading.
2022-06-02 01:25:38,251 Symbol : AAPL 
2022-06-02 01:26:40,450 D:\test\Basic_Python\Django\mysite1\myApp1\views.py changed, reloading.
2022-06-02 01:26:51,541 Symbol : AAPL 
2022-06-02 01:28:13,172 D:\test\Basic_Python\Django\mysite1\myApp1\views.py changed, reloading.
2022-06-02 01:28:21,749 D:\test\Basic_Python\Django\mysite1\myApp1\views.py changed, reloading.
2022-06-02 01:28:30,713 Symbol : AAPL 
2022-06-02 01:28:49,200 D:\test\Basic_Python\Django\mysite1\myApp1\views.py changed, reloading.
2022-06-02 01:28:54,878 Symbol : AAPL 
2022-06-02 01:30:37,142 D:\test\Basic_Python\Django\mysite1\myApp1\views.py changed, reloading.
2022-06-02 01:30:46,630 Symbol : AAPL 
2022-06-02 14:14:52,800 Symbol : AAPL 
2022-06-02 14:17:05,357 Symbol : AAPL 
2022-06-02 14:17:24,890 Symbol : KAPIL 
2022-06-02 14:50:42,320 Symbol : AAPL 
2022-06-02 14:52:14,507 Symbol : KAPIL 
2022-06-02 22:14:16,623 Symbol : AAPL 
2022-06-02 22:40:51,447 Symbol : AAPL 
2022-06-02 22:41:43,033 Symbol : AAPL 
2022-06-02 22:55:17,128 Symbol : AAPL 
2022-06-02 23:19:23,923 Symbol : AAPL 
