[2022-07-03 16:50:42,416] root - INFO - ========== Initializing fit_ensemble_voting_classifier ==========


[2022-07-03 16:50:42,418] root - INFO - Model : LogisticRegression running...
[2022-07-03 16:50:42,420] root - INFO - Initializing builMultiLabelModels
[2022-07-03 16:50:45,746] root - INFO - 'Accuracy': 70.72, 'Loss': 29.28, 'Hamming_loss': 7.99
[2022-07-03 16:50:45,746] root - INFO - Done builMultiLabelModels 

[2022-07-03 16:50:45,747] root - INFO - Model file saved : D:\test\Basic_Python\Project POMO\data scraping\Artifact\2022-07-03-16-50-42\Models\MultiLabelModel_LogisticRegression.pkl
[2022-07-03 16:50:45,748] root - INFO - Model data : {'Accuracy': 70.72, 'Loss': 29.28, 'Hamming_loss': 7.99, 'Model_name': 'LogisticRegression', 'Filename': 'D:\\test\\Basic_Python\\Project POMO\\data scraping\\Artifact\\2022-07-03-16-50-42\\Models\\MultiLabelModel_LogisticRegression.pkl'}
[2022-07-03 16:50:45,755] root - INFO - Model : KNeighborsClassifier running...
[2022-07-03 16:50:45,756] root - INFO - Initializing builMultiLabelModels
[2022-07-03 16:50:46,797] root - INFO - 'Accuracy': 88.84, 'Loss': 11.16, 'Hamming_loss': 2.73
[2022-07-03 16:50:46,797] root - INFO - Done builMultiLabelModels 

[2022-07-03 16:50:46,803] root - INFO - Model file saved : D:\test\Basic_Python\Project POMO\data scraping\Artifact\2022-07-03-16-50-42\Models\MultiLabelModel_KNeighborsClassifier.pkl
[2022-07-03 16:50:46,803] root - INFO - Model data : {'Accuracy': 88.84, 'Loss': 11.16, 'Hamming_loss': 2.73, 'Model_name': 'KNeighborsClassifier', 'Filename': 'D:\\test\\Basic_Python\\Project POMO\\data scraping\\Artifact\\2022-07-03-16-50-42\\Models\\MultiLabelModel_KNeighborsClassifier.pkl'}
[2022-07-03 16:50:46,814] root - INFO - Model : GaussianNB running...
[2022-07-03 16:50:46,817] root - INFO - Initializing builMultiLabelModels
[2022-07-03 16:50:46,886] root - INFO - 'Accuracy': 62.41, 'Loss': 37.59, 'Hamming_loss': 14.13
[2022-07-03 16:50:46,886] root - INFO - Done builMultiLabelModels 

[2022-07-03 16:50:46,887] root - INFO - Model file saved : D:\test\Basic_Python\Project POMO\data scraping\Artifact\2022-07-03-16-50-42\Models\MultiLabelModel_GaussianNB.pkl
[2022-07-03 16:50:46,887] root - INFO - Model data : {'Accuracy': 62.41, 'Loss': 37.59, 'Hamming_loss': 14.13, 'Model_name': 'GaussianNB', 'Filename': 'D:\\test\\Basic_Python\\Project POMO\\data scraping\\Artifact\\2022-07-03-16-50-42\\Models\\MultiLabelModel_GaussianNB.pkl'}
[2022-07-03 16:50:46,892] root - INFO - Model : SVC running...
[2022-07-03 16:50:46,893] root - INFO - Initializing builMultiLabelModels
[2022-07-03 16:50:50,005] root - INFO - 'Accuracy': 97.46, 'Loss': 2.54, 'Hamming_loss': 0.53
[2022-07-03 16:50:50,005] root - INFO - Done builMultiLabelModels 

[2022-07-03 16:50:50,007] root - INFO - Model file saved : D:\test\Basic_Python\Project POMO\data scraping\Artifact\2022-07-03-16-50-42\Models\MultiLabelModel_SVC.pkl
[2022-07-03 16:50:50,007] root - INFO - Model data : {'Accuracy': 97.46, 'Loss': 2.54, 'Hamming_loss': 0.53, 'Model_name': 'SVC', 'Filename': 'D:\\test\\Basic_Python\\Project POMO\\data scraping\\Artifact\\2022-07-03-16-50-42\\Models\\MultiLabelModel_SVC.pkl'}
[2022-07-03 16:50:50,011] root - INFO - Model : DecisionTreeClassifier running...
[2022-07-03 16:50:50,013] root - INFO - Initializing builMultiLabelModels
[2022-07-03 16:50:50,083] root - INFO - 'Accuracy': 100.0, 'Loss': 0.0, 'Hamming_loss': 0.0
[2022-07-03 16:50:50,083] root - INFO - Done builMultiLabelModels 

[2022-07-03 16:50:50,085] root - INFO - Model file saved : D:\test\Basic_Python\Project POMO\data scraping\Artifact\2022-07-03-16-50-42\Models\MultiLabelModel_DecisionTreeClassifier.pkl
[2022-07-03 16:50:50,085] root - INFO - Model data : {'Accuracy': 100.0, 'Loss': 0.0, 'Hamming_loss': 0.0, 'Model_name': 'DecisionTreeClassifier', 'Filename': 'D:\\test\\Basic_Python\\Project POMO\\data scraping\\Artifact\\2022-07-03-16-50-42\\Models\\MultiLabelModel_DecisionTreeClassifier.pkl'}
[2022-07-03 16:50:50,089] root - INFO - Model : RandomForestClassifier running...
[2022-07-03 16:50:50,091] root - INFO - Initializing builMultiLabelModels
[2022-07-03 16:50:51,504] root - INFO - 'Accuracy': 100.0, 'Loss': 0.0, 'Hamming_loss': 0.0
[2022-07-03 16:50:51,504] root - INFO - Done builMultiLabelModels 

[2022-07-03 16:50:51,566] root - INFO - Model file saved : D:\test\Basic_Python\Project POMO\data scraping\Artifact\2022-07-03-16-50-42\Models\MultiLabelModel_RandomForestClassifier.pkl
[2022-07-03 16:50:51,567] root - INFO - Model data : {'Accuracy': 100.0, 'Loss': 0.0, 'Hamming_loss': 0.0, 'Model_name': 'RandomForestClassifier', 'Filename': 'D:\\test\\Basic_Python\\Project POMO\\data scraping\\Artifact\\2022-07-03-16-50-42\\Models\\MultiLabelModel_RandomForestClassifier.pkl'}
[2022-07-03 16:50:51,573] root - INFO - Model : GradientBoostingClassifier running...
[2022-07-03 16:50:51,575] root - INFO - Initializing builMultiLabelModels
[2022-07-03 16:50:52,444] root - INFO - 'Accuracy': 97.9, 'Loss': 2.1, 'Hamming_loss': 0.48
[2022-07-03 16:50:52,444] root - INFO - Done builMultiLabelModels 

[2022-07-03 16:50:52,459] root - INFO - Model file saved : D:\test\Basic_Python\Project POMO\data scraping\Artifact\2022-07-03-16-50-42\Models\MultiLabelModel_GradientBoostingClassifier.pkl
[2022-07-03 16:50:52,459] root - INFO - Model data : {'Accuracy': 97.9, 'Loss': 2.1, 'Hamming_loss': 0.48, 'Model_name': 'GradientBoostingClassifier', 'Filename': 'D:\\test\\Basic_Python\\Project POMO\\data scraping\\Artifact\\2022-07-03-16-50-42\\Models\\MultiLabelModel_GradientBoostingClassifier.pkl'}
[2022-07-03 16:50:52,464] root - INFO - Model : AdaBoostClassifier running...
[2022-07-03 16:50:52,465] root - INFO - Initializing builMultiLabelModels
[2022-07-03 16:50:53,082] root - INFO - 'Accuracy': 96.55, 'Loss': 3.45, 'Hamming_loss': 0.81
[2022-07-03 16:50:53,082] root - INFO - Done builMultiLabelModels 

[2022-07-03 16:50:53,090] root - INFO - Model file saved : D:\test\Basic_Python\Project POMO\data scraping\Artifact\2022-07-03-16-50-42\Models\MultiLabelModel_AdaBoostClassifier.pkl
[2022-07-03 16:50:53,091] root - INFO - Model data : {'Accuracy': 96.55, 'Loss': 3.45, 'Hamming_loss': 0.81, 'Model_name': 'AdaBoostClassifier', 'Filename': 'D:\\test\\Basic_Python\\Project POMO\\data scraping\\Artifact\\2022-07-03-16-50-42\\Models\\MultiLabelModel_AdaBoostClassifier.pkl'}
[2022-07-03 16:50:53,099] root - INFO - Result file saved : D:\test\Basic_Python\Project POMO\data scraping\Artifact\2022-07-03-16-50-42\Docs\MultiLabelModel_result.csv
[2022-07-03 16:50:53,750] root - INFO - ========== Done fit_ensemble_voting_classifier ==========


