[2022-07-03 14:51:40,072] root - INFO - ========== Initializing fit_ensemble_voting_classifier ==========


[2022-07-03 14:51:40,077] root - INFO - Model : LogisticRegression running...
[2022-07-03 14:51:40,080] root - INFO - Initializing builMultiLabelModels
[2022-07-03 14:51:45,526] root - INFO - 'Accuracy': 70.72, 'Loss': 29.28, 'Hamming_loss': 7.99
[2022-07-03 14:51:45,526] root - INFO - Done builMultiLabelModels 

[2022-07-03 14:51:45,528] root - INFO - Model file saved : D:\test\Basic_Python\Project POMO\data scraping\Artifact\2022-07-03-14-51-39\Models\MultiLabelModel_LogisticRegression.pkl
[2022-07-03 14:51:45,528] root - INFO - Model data : {'Accuracy': 70.72, 'Loss': 29.28, 'Hamming_loss': 7.99, 'Model_name': 'LogisticRegression', 'Filename': 'D:\\test\\Basic_Python\\Project POMO\\data scraping\\Artifact\\2022-07-03-14-51-39\\Models\\MultiLabelModel_LogisticRegression.pkl'}
[2022-07-03 14:51:45,536] root - INFO - Model : KNeighborsClassifier running...
[2022-07-03 14:51:45,539] root - INFO - Initializing builMultiLabelModels
[2022-07-03 14:51:47,591] root - INFO - 'Accuracy': 88.84, 'Loss': 11.16, 'Hamming_loss': 2.73
[2022-07-03 14:51:47,591] root - INFO - Done builMultiLabelModels 

[2022-07-03 14:51:47,598] root - INFO - Model file saved : D:\test\Basic_Python\Project POMO\data scraping\Artifact\2022-07-03-14-51-39\Models\MultiLabelModel_KNeighborsClassifier.pkl
[2022-07-03 14:51:47,599] root - INFO - Model data : {'Accuracy': 88.84, 'Loss': 11.16, 'Hamming_loss': 2.73, 'Model_name': 'KNeighborsClassifier', 'Filename': 'D:\\test\\Basic_Python\\Project POMO\\data scraping\\Artifact\\2022-07-03-14-51-39\\Models\\MultiLabelModel_KNeighborsClassifier.pkl'}
[2022-07-03 14:51:47,628] root - INFO - Model : GaussianNB running...
[2022-07-03 14:51:47,650] root - INFO - Initializing builMultiLabelModels
[2022-07-03 14:51:47,804] root - INFO - 'Accuracy': 62.41, 'Loss': 37.59, 'Hamming_loss': 14.13
[2022-07-03 14:51:47,804] root - INFO - Done builMultiLabelModels 

[2022-07-03 14:51:47,806] root - INFO - Model file saved : D:\test\Basic_Python\Project POMO\data scraping\Artifact\2022-07-03-14-51-39\Models\MultiLabelModel_GaussianNB.pkl
[2022-07-03 14:51:47,806] root - INFO - Model data : {'Accuracy': 62.41, 'Loss': 37.59, 'Hamming_loss': 14.13, 'Model_name': 'GaussianNB', 'Filename': 'D:\\test\\Basic_Python\\Project POMO\\data scraping\\Artifact\\2022-07-03-14-51-39\\Models\\MultiLabelModel_GaussianNB.pkl'}
[2022-07-03 14:51:47,814] root - INFO - Model : SVC running...
[2022-07-03 14:51:47,817] root - INFO - Initializing builMultiLabelModels
[2022-07-03 14:51:57,484] root - INFO - 'Accuracy': 97.46, 'Loss': 2.54, 'Hamming_loss': 0.53
[2022-07-03 14:51:57,485] root - INFO - Done builMultiLabelModels 

[2022-07-03 14:51:57,489] root - INFO - Model file saved : D:\test\Basic_Python\Project POMO\data scraping\Artifact\2022-07-03-14-51-39\Models\MultiLabelModel_SVC.pkl
[2022-07-03 14:51:57,490] root - INFO - Model data : {'Accuracy': 97.46, 'Loss': 2.54, 'Hamming_loss': 0.53, 'Model_name': 'SVC', 'Filename': 'D:\\test\\Basic_Python\\Project POMO\\data scraping\\Artifact\\2022-07-03-14-51-39\\Models\\MultiLabelModel_SVC.pkl'}
[2022-07-03 14:51:57,499] root - INFO - Model : DecisionTreeClassifier running...
[2022-07-03 14:51:57,502] root - INFO - Initializing builMultiLabelModels
[2022-07-03 14:51:57,682] root - INFO - 'Accuracy': 100.0, 'Loss': 0.0, 'Hamming_loss': 0.0
[2022-07-03 14:51:57,682] root - INFO - Done builMultiLabelModels 

[2022-07-03 14:51:57,684] root - INFO - Model file saved : D:\test\Basic_Python\Project POMO\data scraping\Artifact\2022-07-03-14-51-39\Models\MultiLabelModel_DecisionTreeClassifier.pkl
[2022-07-03 14:51:57,685] root - INFO - Model data : {'Accuracy': 100.0, 'Loss': 0.0, 'Hamming_loss': 0.0, 'Model_name': 'DecisionTreeClassifier', 'Filename': 'D:\\test\\Basic_Python\\Project POMO\\data scraping\\Artifact\\2022-07-03-14-51-39\\Models\\MultiLabelModel_DecisionTreeClassifier.pkl'}
[2022-07-03 14:51:57,695] root - INFO - Model : RandomForestClassifier running...
[2022-07-03 14:51:57,698] root - INFO - Initializing builMultiLabelModels
[2022-07-03 14:52:00,664] root - INFO - 'Accuracy': 100.0, 'Loss': 0.0, 'Hamming_loss': 0.0
[2022-07-03 14:52:00,664] root - INFO - Done builMultiLabelModels 

[2022-07-03 14:52:00,732] root - INFO - Model file saved : D:\test\Basic_Python\Project POMO\data scraping\Artifact\2022-07-03-14-51-39\Models\MultiLabelModel_RandomForestClassifier.pkl
[2022-07-03 14:52:00,733] root - INFO - Model data : {'Accuracy': 100.0, 'Loss': 0.0, 'Hamming_loss': 0.0, 'Model_name': 'RandomForestClassifier', 'Filename': 'D:\\test\\Basic_Python\\Project POMO\\data scraping\\Artifact\\2022-07-03-14-51-39\\Models\\MultiLabelModel_RandomForestClassifier.pkl'}
[2022-07-03 14:52:00,748] root - INFO - Model : GradientBoostingClassifier running...
[2022-07-03 14:52:00,751] root - INFO - Initializing builMultiLabelModels
[2022-07-03 14:52:02,615] root - INFO - 'Accuracy': 97.9, 'Loss': 2.1, 'Hamming_loss': 0.48
[2022-07-03 14:52:02,615] root - INFO - Done builMultiLabelModels 

[2022-07-03 14:52:02,679] root - INFO - Model file saved : D:\test\Basic_Python\Project POMO\data scraping\Artifact\2022-07-03-14-51-39\Models\MultiLabelModel_GradientBoostingClassifier.pkl
[2022-07-03 14:52:02,681] root - INFO - Model data : {'Accuracy': 97.9, 'Loss': 2.1, 'Hamming_loss': 0.48, 'Model_name': 'GradientBoostingClassifier', 'Filename': 'D:\\test\\Basic_Python\\Project POMO\\data scraping\\Artifact\\2022-07-03-14-51-39\\Models\\MultiLabelModel_GradientBoostingClassifier.pkl'}
[2022-07-03 14:52:02,690] root - INFO - Model : AdaBoostClassifier running...
[2022-07-03 14:52:02,693] root - INFO - Initializing builMultiLabelModels
[2022-07-03 14:52:04,434] root - INFO - 'Accuracy': 96.55, 'Loss': 3.45, 'Hamming_loss': 0.81
[2022-07-03 14:52:04,434] root - INFO - Done builMultiLabelModels 

[2022-07-03 14:52:04,453] root - INFO - Model file saved : D:\test\Basic_Python\Project POMO\data scraping\Artifact\2022-07-03-14-51-39\Models\MultiLabelModel_AdaBoostClassifier.pkl
[2022-07-03 14:52:04,453] root - INFO - Model data : {'Accuracy': 96.55, 'Loss': 3.45, 'Hamming_loss': 0.81, 'Model_name': 'AdaBoostClassifier', 'Filename': 'D:\\test\\Basic_Python\\Project POMO\\data scraping\\Artifact\\2022-07-03-14-51-39\\Models\\MultiLabelModel_AdaBoostClassifier.pkl'}
[2022-07-03 14:52:04,536] root - INFO - Result file saved : D:\test\Basic_Python\Project POMO\data scraping\Artifact\2022-07-03-14-51-39\Docs\MultiLabelModel_result.csv
[2022-07-03 14:52:04,536] root - INFO - ========== Done fit_ensemble_voting_classifier ==========


