[2022-07-03 16:41:25,995] root - INFO - ========== Initializing fit_ensemble_voting_classifier ==========


[2022-07-03 16:41:25,999] root - INFO - Model : LogisticRegression running...
[2022-07-03 16:41:26,001] root - INFO - Initializing builMultiLabelModels
[2022-07-03 16:41:30,102] root - INFO - 'Accuracy': 70.72, 'Loss': 29.28, 'Hamming_loss': 7.99
[2022-07-03 16:41:30,102] root - INFO - Done builMultiLabelModels 

[2022-07-03 16:41:30,104] root - INFO - Model file saved : D:\test\Basic_Python\Project POMO\data scraping\Artifact\2022-07-03-16-41-25\Models\MultiLabelModel_LogisticRegression.pkl
[2022-07-03 16:41:30,104] root - INFO - Model data : {'Accuracy': 70.72, 'Loss': 29.28, 'Hamming_loss': 7.99, 'Model_name': 'LogisticRegression', 'Filename': 'D:\\test\\Basic_Python\\Project POMO\\data scraping\\Artifact\\2022-07-03-16-41-25\\Models\\MultiLabelModel_LogisticRegression.pkl'}
[2022-07-03 16:41:30,114] root - INFO - Model : KNeighborsClassifier running...
[2022-07-03 16:41:30,117] root - INFO - Initializing builMultiLabelModels
[2022-07-03 16:41:31,309] root - INFO - 'Accuracy': 88.84, 'Loss': 11.16, 'Hamming_loss': 2.73
[2022-07-03 16:41:31,309] root - INFO - Done builMultiLabelModels 

[2022-07-03 16:41:31,465] root - INFO - Model file saved : D:\test\Basic_Python\Project POMO\data scraping\Artifact\2022-07-03-16-41-25\Models\MultiLabelModel_KNeighborsClassifier.pkl
[2022-07-03 16:41:31,466] root - INFO - Model data : {'Accuracy': 88.84, 'Loss': 11.16, 'Hamming_loss': 2.73, 'Model_name': 'KNeighborsClassifier', 'Filename': 'D:\\test\\Basic_Python\\Project POMO\\data scraping\\Artifact\\2022-07-03-16-41-25\\Models\\MultiLabelModel_KNeighborsClassifier.pkl'}
[2022-07-03 16:41:31,476] root - INFO - Model : GaussianNB running...
[2022-07-03 16:41:31,479] root - INFO - Initializing builMultiLabelModels
[2022-07-03 16:41:31,572] root - INFO - 'Accuracy': 62.41, 'Loss': 37.59, 'Hamming_loss': 14.13
[2022-07-03 16:41:31,572] root - INFO - Done builMultiLabelModels 

[2022-07-03 16:41:31,574] root - INFO - Model file saved : D:\test\Basic_Python\Project POMO\data scraping\Artifact\2022-07-03-16-41-25\Models\MultiLabelModel_GaussianNB.pkl
[2022-07-03 16:41:31,575] root - INFO - Model data : {'Accuracy': 62.41, 'Loss': 37.59, 'Hamming_loss': 14.13, 'Model_name': 'GaussianNB', 'Filename': 'D:\\test\\Basic_Python\\Project POMO\\data scraping\\Artifact\\2022-07-03-16-41-25\\Models\\MultiLabelModel_GaussianNB.pkl'}
[2022-07-03 16:41:31,582] root - INFO - Model : SVC running...
[2022-07-03 16:41:31,584] root - INFO - Initializing builMultiLabelModels
[2022-07-03 16:41:37,503] root - INFO - 'Accuracy': 97.46, 'Loss': 2.54, 'Hamming_loss': 0.53
[2022-07-03 16:41:37,503] root - INFO - Done builMultiLabelModels 

[2022-07-03 16:41:37,506] root - INFO - Model file saved : D:\test\Basic_Python\Project POMO\data scraping\Artifact\2022-07-03-16-41-25\Models\MultiLabelModel_SVC.pkl
[2022-07-03 16:41:37,506] root - INFO - Model data : {'Accuracy': 97.46, 'Loss': 2.54, 'Hamming_loss': 0.53, 'Model_name': 'SVC', 'Filename': 'D:\\test\\Basic_Python\\Project POMO\\data scraping\\Artifact\\2022-07-03-16-41-25\\Models\\MultiLabelModel_SVC.pkl'}
[2022-07-03 16:41:37,516] root - INFO - Model : DecisionTreeClassifier running...
[2022-07-03 16:41:37,518] root - INFO - Initializing builMultiLabelModels
[2022-07-03 16:41:37,660] root - INFO - 'Accuracy': 100.0, 'Loss': 0.0, 'Hamming_loss': 0.0
[2022-07-03 16:41:37,661] root - INFO - Done builMultiLabelModels 

[2022-07-03 16:41:37,663] root - INFO - Model file saved : D:\test\Basic_Python\Project POMO\data scraping\Artifact\2022-07-03-16-41-25\Models\MultiLabelModel_DecisionTreeClassifier.pkl
[2022-07-03 16:41:37,663] root - INFO - Model data : {'Accuracy': 100.0, 'Loss': 0.0, 'Hamming_loss': 0.0, 'Model_name': 'DecisionTreeClassifier', 'Filename': 'D:\\test\\Basic_Python\\Project POMO\\data scraping\\Artifact\\2022-07-03-16-41-25\\Models\\MultiLabelModel_DecisionTreeClassifier.pkl'}
[2022-07-03 16:41:37,673] root - INFO - Model : RandomForestClassifier running...
[2022-07-03 16:41:37,676] root - INFO - Initializing builMultiLabelModels
[2022-07-03 16:41:40,438] root - INFO - 'Accuracy': 100.0, 'Loss': 0.0, 'Hamming_loss': 0.0
[2022-07-03 16:41:40,438] root - INFO - Done builMultiLabelModels 

[2022-07-03 16:41:40,513] root - INFO - Model file saved : D:\test\Basic_Python\Project POMO\data scraping\Artifact\2022-07-03-16-41-25\Models\MultiLabelModel_RandomForestClassifier.pkl
[2022-07-03 16:41:40,513] root - INFO - Model data : {'Accuracy': 100.0, 'Loss': 0.0, 'Hamming_loss': 0.0, 'Model_name': 'RandomForestClassifier', 'Filename': 'D:\\test\\Basic_Python\\Project POMO\\data scraping\\Artifact\\2022-07-03-16-41-25\\Models\\MultiLabelModel_RandomForestClassifier.pkl'}
[2022-07-03 16:41:40,524] root - INFO - Model : GradientBoostingClassifier running...
[2022-07-03 16:41:40,527] root - INFO - Initializing builMultiLabelModels
[2022-07-03 16:41:42,658] root - INFO - 'Accuracy': 97.9, 'Loss': 2.1, 'Hamming_loss': 0.48
[2022-07-03 16:41:42,658] root - INFO - Done builMultiLabelModels 

[2022-07-03 16:41:42,882] root - INFO - Model file saved : D:\test\Basic_Python\Project POMO\data scraping\Artifact\2022-07-03-16-41-25\Models\MultiLabelModel_GradientBoostingClassifier.pkl
[2022-07-03 16:41:42,884] root - INFO - Model data : {'Accuracy': 97.9, 'Loss': 2.1, 'Hamming_loss': 0.48, 'Model_name': 'GradientBoostingClassifier', 'Filename': 'D:\\test\\Basic_Python\\Project POMO\\data scraping\\Artifact\\2022-07-03-16-41-25\\Models\\MultiLabelModel_GradientBoostingClassifier.pkl'}
[2022-07-03 16:41:42,910] root - INFO - Model : AdaBoostClassifier running...
[2022-07-03 16:41:42,918] root - INFO - Initializing builMultiLabelModels
[2022-07-03 16:41:44,404] root - INFO - 'Accuracy': 96.55, 'Loss': 3.45, 'Hamming_loss': 0.81
[2022-07-03 16:41:44,404] root - INFO - Done builMultiLabelModels 

[2022-07-03 16:41:44,419] root - INFO - Model file saved : D:\test\Basic_Python\Project POMO\data scraping\Artifact\2022-07-03-16-41-25\Models\MultiLabelModel_AdaBoostClassifier.pkl
[2022-07-03 16:41:44,419] root - INFO - Model data : {'Accuracy': 96.55, 'Loss': 3.45, 'Hamming_loss': 0.81, 'Model_name': 'AdaBoostClassifier', 'Filename': 'D:\\test\\Basic_Python\\Project POMO\\data scraping\\Artifact\\2022-07-03-16-41-25\\Models\\MultiLabelModel_AdaBoostClassifier.pkl'}
[2022-07-03 16:41:44,438] root - INFO - Result file saved : D:\test\Basic_Python\Project POMO\data scraping\Artifact\2022-07-03-16-41-25\Docs\MultiLabelModel_result.csv
[2022-07-03 16:41:45,421] root - INFO - ========== Done fit_ensemble_voting_classifier ==========


