[2022-07-05 00:58:05,270] root - INFO - ========== Initializing fit_ensemble_voting_classifier ==========


[2022-07-05 00:58:05,273] root - INFO - Model : LogisticRegression running...
[2022-07-05 00:58:05,275] root - INFO - Initializing builMultiLabelModels
[2022-07-05 00:58:08,654] root - INFO - Classification on Training dataset : [ 'Accuracy': 70.39, 'Loss': 29.61, 'Zero_one_loss': 29.61, 'Hamming_loss': 7.93 ]
[2022-07-05 00:58:09,017] root - INFO - Classification on Testing dataset : [ 'Accuracy': 73.05, 'Loss': 26.95, 'Zero_one_loss': 26.95, 'Hamming_loss': 7.49 ]
[2022-07-05 00:58:09,017] root - INFO - Done builMultiLabelModels
[2022-07-05 00:58:09,046] root - INFO - Model file saved : D:\test\Basic_Python\Project POMO\data scraping\Artifact\2022-07-05-00-58-05\Models\MultiLabelModel_LogisticRegression.pkl
[2022-07-05 00:58:09,047] root - INFO - Model data : {'Accuracy': 70.39, 'Loss': 29.61, 'Hamming_loss': 7.93, 'Model_name': 'LogisticRegression', 'Filename': 'D:\\test\\Basic_Python\\Project POMO\\data scraping\\Artifact\\2022-07-05-00-58-05\\Models\\MultiLabelModel_LogisticRegression.pkl'} 


[2022-07-05 00:58:09,054] root - INFO - Model : KNeighborsClassifier running...
[2022-07-05 00:58:09,055] root - INFO - Initializing builMultiLabelModels
[2022-07-05 00:58:10,038] root - INFO - Classification on Training dataset : [ 'Accuracy': 88.1, 'Loss': 11.9, 'Zero_one_loss': 11.9, 'Hamming_loss': 2.99 ]
[2022-07-05 00:58:10,598] root - INFO - Classification on Testing dataset : [ 'Accuracy': 87.47, 'Loss': 12.53, 'Zero_one_loss': 12.53, 'Hamming_loss': 3.12 ]
[2022-07-05 00:58:10,598] root - INFO - Done builMultiLabelModels
[2022-07-05 00:58:10,600] root - INFO - Model file saved : D:\test\Basic_Python\Project POMO\data scraping\Artifact\2022-07-05-00-58-05\Models\MultiLabelModel_KNeighborsClassifier.pkl
[2022-07-05 00:58:10,601] root - INFO - Model data : {'Accuracy': 88.1, 'Loss': 11.9, 'Hamming_loss': 2.99, 'Model_name': 'KNeighborsClassifier', 'Filename': 'D:\\test\\Basic_Python\\Project POMO\\data scraping\\Artifact\\2022-07-05-00-58-05\\Models\\MultiLabelModel_KNeighborsClassifier.pkl'} 


[2022-07-05 00:58:10,606] root - INFO - Model : GaussianNB running...
[2022-07-05 00:58:10,607] root - INFO - Initializing builMultiLabelModels
[2022-07-05 00:58:10,662] root - INFO - Classification on Training dataset : [ 'Accuracy': 62.51, 'Loss': 37.49, 'Zero_one_loss': 37.49, 'Hamming_loss': 14.35 ]
[2022-07-05 00:58:10,723] root - INFO - Classification on Testing dataset : [ 'Accuracy': 62.96, 'Loss': 37.04, 'Zero_one_loss': 37.04, 'Hamming_loss': 13.57 ]
[2022-07-05 00:58:10,723] root - INFO - Done builMultiLabelModels
[2022-07-05 00:58:10,737] root - INFO - Model file saved : D:\test\Basic_Python\Project POMO\data scraping\Artifact\2022-07-05-00-58-05\Models\MultiLabelModel_GaussianNB.pkl
[2022-07-05 00:58:10,738] root - INFO - Model data : {'Accuracy': 62.51, 'Loss': 37.49, 'Hamming_loss': 14.35, 'Model_name': 'GaussianNB', 'Filename': 'D:\\test\\Basic_Python\\Project POMO\\data scraping\\Artifact\\2022-07-05-00-58-05\\Models\\MultiLabelModel_GaussianNB.pkl'} 


[2022-07-05 00:58:10,742] root - INFO - Model : SVC running...
[2022-07-05 00:58:10,744] root - INFO - Initializing builMultiLabelModels
[2022-07-05 00:58:13,971] root - INFO - Classification on Training dataset : [ 'Accuracy': 97.33, 'Loss': 2.67, 'Zero_one_loss': 2.67, 'Hamming_loss': 0.55 ]
[2022-07-05 00:58:14,660] root - INFO - Classification on Testing dataset : [ 'Accuracy': 98.11, 'Loss': 1.89, 'Zero_one_loss': 1.89, 'Hamming_loss': 0.41 ]
[2022-07-05 00:58:14,660] root - INFO - Done builMultiLabelModels
[2022-07-05 00:58:14,765] root - INFO - Model file saved : D:\test\Basic_Python\Project POMO\data scraping\Artifact\2022-07-05-00-58-05\Models\MultiLabelModel_SVC.pkl
[2022-07-05 00:58:14,766] root - INFO - Model data : {'Accuracy': 97.33, 'Loss': 2.67, 'Hamming_loss': 0.55, 'Model_name': 'SVC', 'Filename': 'D:\\test\\Basic_Python\\Project POMO\\data scraping\\Artifact\\2022-07-05-00-58-05\\Models\\MultiLabelModel_SVC.pkl'} 


[2022-07-05 00:58:14,782] root - INFO - Model : DecisionTreeClassifier running...
[2022-07-05 00:58:14,786] root - INFO - Initializing builMultiLabelModels
[2022-07-05 00:58:14,911] root - INFO - Classification on Training dataset : [ 'Accuracy': 100.0, 'Loss': 0.0, 'Zero_one_loss': 0.0, 'Hamming_loss': 0.0 ]
[2022-07-05 00:58:14,977] root - INFO - Classification on Testing dataset : [ 'Accuracy': 100.0, 'Loss': 0.0, 'Zero_one_loss': 0.0, 'Hamming_loss': 0.0 ]
[2022-07-05 00:58:14,977] root - INFO - Done builMultiLabelModels
[2022-07-05 00:58:14,978] root - INFO - Model file saved : D:\test\Basic_Python\Project POMO\data scraping\Artifact\2022-07-05-00-58-05\Models\MultiLabelModel_DecisionTreeClassifier.pkl
[2022-07-05 00:58:14,979] root - INFO - Model data : {'Accuracy': 100.0, 'Loss': 0.0, 'Hamming_loss': 0.0, 'Model_name': 'DecisionTreeClassifier', 'Filename': 'D:\\test\\Basic_Python\\Project POMO\\data scraping\\Artifact\\2022-07-05-00-58-05\\Models\\MultiLabelModel_DecisionTreeClassifier.pkl'} 


[2022-07-05 00:58:14,983] root - INFO - Model : RandomForestClassifier running...
[2022-07-05 00:58:14,985] root - INFO - Initializing builMultiLabelModels
[2022-07-05 00:58:16,492] root - INFO - Classification on Training dataset : [ 'Accuracy': 100.0, 'Loss': 0.0, 'Zero_one_loss': 0.0, 'Hamming_loss': 0.0 ]
[2022-07-05 00:58:17,955] root - INFO - Classification on Testing dataset : [ 'Accuracy': 99.92, 'Loss': 0.08, 'Zero_one_loss': 0.08, 'Hamming_loss': 0.02 ]
[2022-07-05 00:58:17,955] root - INFO - Done builMultiLabelModels
[2022-07-05 00:58:17,988] root - INFO - Model file saved : D:\test\Basic_Python\Project POMO\data scraping\Artifact\2022-07-05-00-58-05\Models\MultiLabelModel_RandomForestClassifier.pkl
[2022-07-05 00:58:17,988] root - INFO - Model data : {'Accuracy': 100.0, 'Loss': 0.0, 'Hamming_loss': 0.0, 'Model_name': 'RandomForestClassifier', 'Filename': 'D:\\test\\Basic_Python\\Project POMO\\data scraping\\Artifact\\2022-07-05-00-58-05\\Models\\MultiLabelModel_RandomForestClassifier.pkl'} 


[2022-07-05 00:58:17,993] root - INFO - Model : GradientBoostingClassifier running...
[2022-07-05 00:58:17,994] root - INFO - Initializing builMultiLabelModels
[2022-07-05 00:58:18,834] root - INFO - Classification on Training dataset : [ 'Accuracy': 98.04, 'Loss': 1.96, 'Zero_one_loss': 1.96, 'Hamming_loss': 0.44 ]
[2022-07-05 00:58:19,304] root - INFO - Classification on Testing dataset : [ 'Accuracy': 99.13, 'Loss': 0.87, 'Zero_one_loss': 0.87, 'Hamming_loss': 0.17 ]
[2022-07-05 00:58:19,304] root - INFO - Done builMultiLabelModels
[2022-07-05 00:58:19,318] root - INFO - Model file saved : D:\test\Basic_Python\Project POMO\data scraping\Artifact\2022-07-05-00-58-05\Models\MultiLabelModel_GradientBoostingClassifier.pkl
[2022-07-05 00:58:19,319] root - INFO - Model data : {'Accuracy': 98.04, 'Loss': 1.96, 'Hamming_loss': 0.44, 'Model_name': 'GradientBoostingClassifier', 'Filename': 'D:\\test\\Basic_Python\\Project POMO\\data scraping\\Artifact\\2022-07-05-00-58-05\\Models\\MultiLabelModel_GradientBoostingClassifier.pkl'} 


[2022-07-05 00:58:19,323] root - INFO - Model : AdaBoostClassifier running...
[2022-07-05 00:58:19,325] root - INFO - Initializing builMultiLabelModels
[2022-07-05 00:58:19,977] root - INFO - Classification on Training dataset : [ 'Accuracy': 97.03, 'Loss': 2.97, 'Zero_one_loss': 2.97, 'Hamming_loss': 0.68 ]
[2022-07-05 00:58:20,489] root - INFO - Classification on Testing dataset : [ 'Accuracy': 97.64, 'Loss': 2.36, 'Zero_one_loss': 2.36, 'Hamming_loss': 0.47 ]
[2022-07-05 00:58:20,489] root - INFO - Done builMultiLabelModels
[2022-07-05 00:58:20,499] root - INFO - Model file saved : D:\test\Basic_Python\Project POMO\data scraping\Artifact\2022-07-05-00-58-05\Models\MultiLabelModel_AdaBoostClassifier.pkl
[2022-07-05 00:58:20,499] root - INFO - Model data : {'Accuracy': 97.03, 'Loss': 2.97, 'Hamming_loss': 0.68, 'Model_name': 'AdaBoostClassifier', 'Filename': 'D:\\test\\Basic_Python\\Project POMO\\data scraping\\Artifact\\2022-07-05-00-58-05\\Models\\MultiLabelModel_AdaBoostClassifier.pkl'} 


[2022-07-05 00:58:20,511] root - INFO - Result file saved : D:\test\Basic_Python\Project POMO\data scraping\Artifact\2022-07-05-00-58-05\Docs\MultiLabelModel_result.csv
[2022-07-05 00:58:21,730] root - INFO - ========== Done fit_ensemble_voting_classifier ==========


