[2022-07-03 15:52:59,636] root - INFO - ========== Initializing fit_ensemble_voting_classifier ==========


[2022-07-03 15:52:59,651] root - INFO - Model : LogisticRegression running...
[2022-07-03 15:52:59,661] root - INFO - Initializing builMultiLabelModels
[2022-07-03 15:53:05,490] root - INFO - 'Accuracy': 70.72, 'Loss': 29.28, 'Hamming_loss': 7.99
[2022-07-03 15:53:05,491] root - INFO - Done builMultiLabelModels 

[2022-07-03 15:53:05,492] root - INFO - Model file saved : D:\test\Basic_Python\Project POMO\data scraping\Artifact\2022-07-03-15-52-59\Models\MultiLabelModel_LogisticRegression.pkl
[2022-07-03 15:53:05,492] root - INFO - Model data : {'Accuracy': 70.72, 'Loss': 29.28, 'Hamming_loss': 7.99, 'Model_name': 'LogisticRegression', 'Filename': 'D:\\test\\Basic_Python\\Project POMO\\data scraping\\Artifact\\2022-07-03-15-52-59\\Models\\MultiLabelModel_LogisticRegression.pkl'}
[2022-07-03 15:53:05,557] root - INFO - Model : KNeighborsClassifier running...
[2022-07-03 15:53:05,561] root - INFO - Initializing builMultiLabelModels
[2022-07-03 15:53:07,260] root - INFO - 'Accuracy': 88.84, 'Loss': 11.16, 'Hamming_loss': 2.73
[2022-07-03 15:53:07,260] root - INFO - Done builMultiLabelModels 

[2022-07-03 15:53:07,266] root - INFO - Model file saved : D:\test\Basic_Python\Project POMO\data scraping\Artifact\2022-07-03-15-52-59\Models\MultiLabelModel_KNeighborsClassifier.pkl
[2022-07-03 15:53:07,266] root - INFO - Model data : {'Accuracy': 88.84, 'Loss': 11.16, 'Hamming_loss': 2.73, 'Model_name': 'KNeighborsClassifier', 'Filename': 'D:\\test\\Basic_Python\\Project POMO\\data scraping\\Artifact\\2022-07-03-15-52-59\\Models\\MultiLabelModel_KNeighborsClassifier.pkl'}
[2022-07-03 15:53:07,301] root - INFO - Model : GaussianNB running...
[2022-07-03 15:53:07,307] root - INFO - Initializing builMultiLabelModels
[2022-07-03 15:53:07,428] root - INFO - 'Accuracy': 62.41, 'Loss': 37.59, 'Hamming_loss': 14.13
[2022-07-03 15:53:07,428] root - INFO - Done builMultiLabelModels 

[2022-07-03 15:53:07,435] root - INFO - Model file saved : D:\test\Basic_Python\Project POMO\data scraping\Artifact\2022-07-03-15-52-59\Models\MultiLabelModel_GaussianNB.pkl
[2022-07-03 15:53:07,435] root - INFO - Model data : {'Accuracy': 62.41, 'Loss': 37.59, 'Hamming_loss': 14.13, 'Model_name': 'GaussianNB', 'Filename': 'D:\\test\\Basic_Python\\Project POMO\\data scraping\\Artifact\\2022-07-03-15-52-59\\Models\\MultiLabelModel_GaussianNB.pkl'}
[2022-07-03 15:53:07,454] root - INFO - Model : SVC running...
[2022-07-03 15:53:07,466] root - INFO - Initializing builMultiLabelModels
[2022-07-03 15:53:17,293] root - INFO - 'Accuracy': 97.46, 'Loss': 2.54, 'Hamming_loss': 0.53
[2022-07-03 15:53:17,293] root - INFO - Done builMultiLabelModels 

[2022-07-03 15:53:17,297] root - INFO - Model file saved : D:\test\Basic_Python\Project POMO\data scraping\Artifact\2022-07-03-15-52-59\Models\MultiLabelModel_SVC.pkl
[2022-07-03 15:53:17,298] root - INFO - Model data : {'Accuracy': 97.46, 'Loss': 2.54, 'Hamming_loss': 0.53, 'Model_name': 'SVC', 'Filename': 'D:\\test\\Basic_Python\\Project POMO\\data scraping\\Artifact\\2022-07-03-15-52-59\\Models\\MultiLabelModel_SVC.pkl'}
[2022-07-03 15:53:17,308] root - INFO - Model : DecisionTreeClassifier running...
[2022-07-03 15:53:17,312] root - INFO - Initializing builMultiLabelModels
[2022-07-03 15:53:17,455] root - INFO - 'Accuracy': 100.0, 'Loss': 0.0, 'Hamming_loss': 0.0
[2022-07-03 15:53:17,455] root - INFO - Done builMultiLabelModels 

[2022-07-03 15:53:17,458] root - INFO - Model file saved : D:\test\Basic_Python\Project POMO\data scraping\Artifact\2022-07-03-15-52-59\Models\MultiLabelModel_DecisionTreeClassifier.pkl
[2022-07-03 15:53:17,459] root - INFO - Model data : {'Accuracy': 100.0, 'Loss': 0.0, 'Hamming_loss': 0.0, 'Model_name': 'DecisionTreeClassifier', 'Filename': 'D:\\test\\Basic_Python\\Project POMO\\data scraping\\Artifact\\2022-07-03-15-52-59\\Models\\MultiLabelModel_DecisionTreeClassifier.pkl'}
[2022-07-03 15:53:17,468] root - INFO - Model : RandomForestClassifier running...
[2022-07-03 15:53:17,472] root - INFO - Initializing builMultiLabelModels
[2022-07-03 15:53:20,362] root - INFO - 'Accuracy': 100.0, 'Loss': 0.0, 'Hamming_loss': 0.0
[2022-07-03 15:53:20,362] root - INFO - Done builMultiLabelModels 

[2022-07-03 15:53:20,419] root - INFO - Model file saved : D:\test\Basic_Python\Project POMO\data scraping\Artifact\2022-07-03-15-52-59\Models\MultiLabelModel_RandomForestClassifier.pkl
[2022-07-03 15:53:20,420] root - INFO - Model data : {'Accuracy': 100.0, 'Loss': 0.0, 'Hamming_loss': 0.0, 'Model_name': 'RandomForestClassifier', 'Filename': 'D:\\test\\Basic_Python\\Project POMO\\data scraping\\Artifact\\2022-07-03-15-52-59\\Models\\MultiLabelModel_RandomForestClassifier.pkl'}
[2022-07-03 15:53:20,431] root - INFO - Model : GradientBoostingClassifier running...
[2022-07-03 15:53:20,433] root - INFO - Initializing builMultiLabelModels
[2022-07-03 15:53:22,557] root - INFO - 'Accuracy': 97.9, 'Loss': 2.1, 'Hamming_loss': 0.48
[2022-07-03 15:53:22,557] root - INFO - Done builMultiLabelModels 

[2022-07-03 15:53:23,860] root - INFO - Model file saved : D:\test\Basic_Python\Project POMO\data scraping\Artifact\2022-07-03-15-52-59\Models\MultiLabelModel_GradientBoostingClassifier.pkl
[2022-07-03 15:53:23,862] root - INFO - Model data : {'Accuracy': 97.9, 'Loss': 2.1, 'Hamming_loss': 0.48, 'Model_name': 'GradientBoostingClassifier', 'Filename': 'D:\\test\\Basic_Python\\Project POMO\\data scraping\\Artifact\\2022-07-03-15-52-59\\Models\\MultiLabelModel_GradientBoostingClassifier.pkl'}
[2022-07-03 15:53:23,884] root - INFO - Model : AdaBoostClassifier running...
[2022-07-03 15:53:23,887] root - INFO - Initializing builMultiLabelModels
[2022-07-03 15:53:25,400] root - INFO - 'Accuracy': 96.55, 'Loss': 3.45, 'Hamming_loss': 0.81
[2022-07-03 15:53:25,400] root - INFO - Done builMultiLabelModels 

[2022-07-03 15:53:25,418] root - INFO - Model file saved : D:\test\Basic_Python\Project POMO\data scraping\Artifact\2022-07-03-15-52-59\Models\MultiLabelModel_AdaBoostClassifier.pkl
[2022-07-03 15:53:25,418] root - INFO - Model data : {'Accuracy': 96.55, 'Loss': 3.45, 'Hamming_loss': 0.81, 'Model_name': 'AdaBoostClassifier', 'Filename': 'D:\\test\\Basic_Python\\Project POMO\\data scraping\\Artifact\\2022-07-03-15-52-59\\Models\\MultiLabelModel_AdaBoostClassifier.pkl'}
[2022-07-03 15:53:25,436] root - INFO - Result file saved : D:\test\Basic_Python\Project POMO\data scraping\Artifact\2022-07-03-15-52-59\Docs\MultiLabelModel_result.csv
[2022-07-03 15:53:27,603] root - INFO - ========== Done fit_ensemble_voting_classifier ==========


